mode: set
github.com/hashicorp/go-tfe/tag.go:31.74,32.23 1 0
github.com/hashicorp/go-tfe/tag.go:36.2,37.34 2 0
github.com/hashicorp/go-tfe/tag.go:42.2,42.18 1 0
github.com/hashicorp/go-tfe/tag.go:32.23,34.3 1 0
github.com/hashicorp/go-tfe/tag.go:37.34,40.3 2 0
github.com/hashicorp/go-tfe/team_project_access.go:199.127,200.40 1 0
github.com/hashicorp/go-tfe/team_project_access.go:204.2,205.16 2 0
github.com/hashicorp/go-tfe/team_project_access.go:209.2,211.16 3 0
github.com/hashicorp/go-tfe/team_project_access.go:215.2,215.18 1 0
github.com/hashicorp/go-tfe/team_project_access.go:200.40,202.3 1 0
github.com/hashicorp/go-tfe/team_project_access.go:205.16,207.3 1 0
github.com/hashicorp/go-tfe/team_project_access.go:211.16,213.3 1 0
github.com/hashicorp/go-tfe/team_project_access.go:219.121,220.40 1 0
github.com/hashicorp/go-tfe/team_project_access.go:224.2,224.70 1 0
github.com/hashicorp/go-tfe/team_project_access.go:228.2,229.16 2 0
github.com/hashicorp/go-tfe/team_project_access.go:233.2,235.16 3 0
github.com/hashicorp/go-tfe/team_project_access.go:239.2,239.17 1 0
github.com/hashicorp/go-tfe/team_project_access.go:220.40,222.3 1 0
github.com/hashicorp/go-tfe/team_project_access.go:224.70,226.3 1 0
github.com/hashicorp/go-tfe/team_project_access.go:229.16,231.3 1 0
github.com/hashicorp/go-tfe/team_project_access.go:235.16,237.3 1 0
github.com/hashicorp/go-tfe/team_project_access.go:243.113,244.42 1 0
github.com/hashicorp/go-tfe/team_project_access.go:248.2,250.16 3 0
github.com/hashicorp/go-tfe/team_project_access.go:254.2,256.16 3 0
github.com/hashicorp/go-tfe/team_project_access.go:260.2,260.17 1 0
github.com/hashicorp/go-tfe/team_project_access.go:244.42,246.3 1 0
github.com/hashicorp/go-tfe/team_project_access.go:250.16,252.3 1 0
github.com/hashicorp/go-tfe/team_project_access.go:256.16,258.3 1 0
github.com/hashicorp/go-tfe/team_project_access.go:264.155,265.42 1 0
github.com/hashicorp/go-tfe/team_project_access.go:269.2,269.71 1 0
github.com/hashicorp/go-tfe/team_project_access.go:272.2,274.16 3 0
github.com/hashicorp/go-tfe/team_project_access.go:278.2,280.16 3 0
github.com/hashicorp/go-tfe/team_project_access.go:284.2,284.16 1 0
github.com/hashicorp/go-tfe/team_project_access.go:265.42,267.3 1 0
github.com/hashicorp/go-tfe/team_project_access.go:269.71,271.3 1 0
github.com/hashicorp/go-tfe/team_project_access.go:274.16,276.3 1 0
github.com/hashicorp/go-tfe/team_project_access.go:280.16,282.3 1 0
github.com/hashicorp/go-tfe/team_project_access.go:288.93,289.42 1 0
github.com/hashicorp/go-tfe/team_project_access.go:293.2,295.16 3 0
github.com/hashicorp/go-tfe/team_project_access.go:299.2,299.25 1 0
github.com/hashicorp/go-tfe/team_project_access.go:289.42,291.3 1 0
github.com/hashicorp/go-tfe/team_project_access.go:295.16,297.3 1 0
github.com/hashicorp/go-tfe/team_project_access.go:302.53,303.34 1 0
github.com/hashicorp/go-tfe/team_project_access.go:307.2,307.12 1 0
github.com/hashicorp/go-tfe/team_project_access.go:303.34,305.3 1 0
github.com/hashicorp/go-tfe/team_project_access.go:310.52,311.64 1 0
github.com/hashicorp/go-tfe/team_project_access.go:314.2,314.19 1 0
github.com/hashicorp/go-tfe/team_project_access.go:317.2,317.22 1 0
github.com/hashicorp/go-tfe/team_project_access.go:321.2,321.12 1 0
github.com/hashicorp/go-tfe/team_project_access.go:311.64,313.3 1 0
github.com/hashicorp/go-tfe/team_project_access.go:314.19,316.3 1 0
github.com/hashicorp/go-tfe/team_project_access.go:317.22,319.3 1 0
github.com/hashicorp/go-tfe/team_project_access.go:324.67,325.11 1 0
github.com/hashicorp/go-tfe/team_project_access.go:335.2,335.12 1 0
github.com/hashicorp/go-tfe/team_project_access.go:330.27,330.27 0 0
github.com/hashicorp/go-tfe/team_project_access.go:332.10,333.41 1 0
github.com/hashicorp/go-tfe/type_helpers.go:13.39,15.2 1 0
github.com/hashicorp/go-tfe/type_helpers.go:18.68,20.2 1 0
github.com/hashicorp/go-tfe/type_helpers.go:23.96,25.2 1 0
github.com/hashicorp/go-tfe/type_helpers.go:28.87,30.2 1 0
github.com/hashicorp/go-tfe/type_helpers.go:33.90,35.2 1 0
github.com/hashicorp/go-tfe/type_helpers.go:38.117,40.2 1 0
github.com/hashicorp/go-tfe/type_helpers.go:43.117,45.2 1 0
github.com/hashicorp/go-tfe/type_helpers.go:48.105,50.2 1 0
github.com/hashicorp/go-tfe/type_helpers.go:53.63,55.2 1 0
github.com/hashicorp/go-tfe/type_helpers.go:58.78,60.2 1 0
github.com/hashicorp/go-tfe/type_helpers.go:63.90,65.2 1 0
github.com/hashicorp/go-tfe/type_helpers.go:68.90,70.2 1 0
github.com/hashicorp/go-tfe/type_helpers.go:73.51,75.2 1 0
github.com/hashicorp/go-tfe/type_helpers.go:78.25,80.2 1 1
github.com/hashicorp/go-tfe/type_helpers.go:83.45,85.2 1 0
github.com/hashicorp/go-tfe/type_helpers.go:88.60,90.2 1 0
github.com/hashicorp/go-tfe/type_helpers.go:93.22,95.2 1 0
github.com/hashicorp/go-tfe/type_helpers.go:98.28,100.2 1 0
github.com/hashicorp/go-tfe/type_helpers.go:103.90,105.2 1 0
github.com/hashicorp/go-tfe/type_helpers.go:108.63,110.2 1 0
github.com/hashicorp/go-tfe/type_helpers.go:113.66,115.2 1 0
github.com/hashicorp/go-tfe/type_helpers.go:118.50,120.2 1 0
github.com/hashicorp/go-tfe/type_helpers.go:123.31,125.2 1 1
github.com/hashicorp/go-tfe/type_helpers.go:127.54,129.2 1 0
github.com/hashicorp/go-tfe/type_helpers.go:131.44,133.2 1 0
github.com/hashicorp/go-tfe/type_helpers.go:135.64,137.2 1 0
github.com/hashicorp/go-tfe/type_helpers.go:139.49,141.2 1 0
github.com/hashicorp/go-tfe/policy_set.go:312.124,313.35 1 0
github.com/hashicorp/go-tfe/policy_set.go:317.2,319.16 3 0
github.com/hashicorp/go-tfe/policy_set.go:323.2,325.16 3 0
github.com/hashicorp/go-tfe/policy_set.go:329.2,329.17 1 0
github.com/hashicorp/go-tfe/policy_set.go:313.35,315.3 1 0
github.com/hashicorp/go-tfe/policy_set.go:319.16,321.3 1 0
github.com/hashicorp/go-tfe/policy_set.go:325.16,327.3 1 0
github.com/hashicorp/go-tfe/policy_set.go:333.123,334.35 1 0
github.com/hashicorp/go-tfe/policy_set.go:337.2,337.40 1 0
github.com/hashicorp/go-tfe/policy_set.go:341.2,343.16 3 0
github.com/hashicorp/go-tfe/policy_set.go:347.2,349.16 3 0
github.com/hashicorp/go-tfe/policy_set.go:353.2,353.16 1 0
github.com/hashicorp/go-tfe/policy_set.go:334.35,336.3 1 0
github.com/hashicorp/go-tfe/policy_set.go:337.40,339.3 1 0
github.com/hashicorp/go-tfe/policy_set.go:343.16,345.3 1 0
github.com/hashicorp/go-tfe/policy_set.go:349.16,351.3 1 0
github.com/hashicorp/go-tfe/policy_set.go:357.88,359.2 1 0
github.com/hashicorp/go-tfe/policy_set.go:362.130,363.34 1 0
github.com/hashicorp/go-tfe/policy_set.go:366.2,366.40 1 0
github.com/hashicorp/go-tfe/policy_set.go:370.2,372.16 3 0
github.com/hashicorp/go-tfe/policy_set.go:376.2,378.16 3 0
github.com/hashicorp/go-tfe/policy_set.go:382.2,382.16 1 0
github.com/hashicorp/go-tfe/policy_set.go:363.34,365.3 1 0
github.com/hashicorp/go-tfe/policy_set.go:366.40,368.3 1 0
github.com/hashicorp/go-tfe/policy_set.go:372.16,374.3 1 0
github.com/hashicorp/go-tfe/policy_set.go:378.16,380.3 1 0
github.com/hashicorp/go-tfe/policy_set.go:386.122,387.34 1 0
github.com/hashicorp/go-tfe/policy_set.go:390.2,390.40 1 0
github.com/hashicorp/go-tfe/policy_set.go:394.2,396.16 3 0
github.com/hashicorp/go-tfe/policy_set.go:400.2,402.16 3 0
github.com/hashicorp/go-tfe/policy_set.go:406.2,406.16 1 0
github.com/hashicorp/go-tfe/policy_set.go:387.34,389.3 1 0
github.com/hashicorp/go-tfe/policy_set.go:390.40,392.3 1 0
github.com/hashicorp/go-tfe/policy_set.go:396.16,398.3 1 0
github.com/hashicorp/go-tfe/policy_set.go:402.16,404.3 1 0
github.com/hashicorp/go-tfe/policy_set.go:410.118,411.34 1 0
github.com/hashicorp/go-tfe/policy_set.go:414.2,414.40 1 0
github.com/hashicorp/go-tfe/policy_set.go:418.2,420.16 3 0
github.com/hashicorp/go-tfe/policy_set.go:424.2,424.25 1 0
github.com/hashicorp/go-tfe/policy_set.go:411.34,413.3 1 0
github.com/hashicorp/go-tfe/policy_set.go:414.40,416.3 1 0
github.com/hashicorp/go-tfe/policy_set.go:420.16,422.3 1 0
github.com/hashicorp/go-tfe/policy_set.go:428.124,429.34 1 0
github.com/hashicorp/go-tfe/policy_set.go:432.2,432.40 1 0
github.com/hashicorp/go-tfe/policy_set.go:436.2,438.16 3 0
github.com/hashicorp/go-tfe/policy_set.go:442.2,442.25 1 0
github.com/hashicorp/go-tfe/policy_set.go:429.34,431.3 1 0
github.com/hashicorp/go-tfe/policy_set.go:432.40,434.3 1 0
github.com/hashicorp/go-tfe/policy_set.go:438.16,440.3 1 0
github.com/hashicorp/go-tfe/policy_set.go:446.122,447.34 1 0
github.com/hashicorp/go-tfe/policy_set.go:450.2,450.40 1 0
github.com/hashicorp/go-tfe/policy_set.go:454.2,456.16 3 0
github.com/hashicorp/go-tfe/policy_set.go:460.2,460.25 1 0
github.com/hashicorp/go-tfe/policy_set.go:447.34,449.3 1 0
github.com/hashicorp/go-tfe/policy_set.go:450.40,452.3 1 0
github.com/hashicorp/go-tfe/policy_set.go:456.16,458.3 1 0
github.com/hashicorp/go-tfe/policy_set.go:464.128,465.34 1 0
github.com/hashicorp/go-tfe/policy_set.go:468.2,468.40 1 0
github.com/hashicorp/go-tfe/policy_set.go:472.2,474.16 3 0
github.com/hashicorp/go-tfe/policy_set.go:478.2,478.25 1 0
github.com/hashicorp/go-tfe/policy_set.go:465.34,467.3 1 0
github.com/hashicorp/go-tfe/policy_set.go:468.40,470.3 1 0
github.com/hashicorp/go-tfe/policy_set.go:474.16,476.3 1 0
github.com/hashicorp/go-tfe/policy_set.go:482.140,483.34 1 0
github.com/hashicorp/go-tfe/policy_set.go:486.2,486.40 1 0
github.com/hashicorp/go-tfe/policy_set.go:490.2,492.16 3 0
github.com/hashicorp/go-tfe/policy_set.go:496.2,496.25 1 0
github.com/hashicorp/go-tfe/policy_set.go:483.34,485.3 1 0
github.com/hashicorp/go-tfe/policy_set.go:486.40,488.3 1 0
github.com/hashicorp/go-tfe/policy_set.go:492.16,494.3 1 0
github.com/hashicorp/go-tfe/policy_set.go:500.146,501.34 1 0
github.com/hashicorp/go-tfe/policy_set.go:504.2,504.40 1 0
github.com/hashicorp/go-tfe/policy_set.go:508.2,510.16 3 0
github.com/hashicorp/go-tfe/policy_set.go:514.2,514.25 1 0
github.com/hashicorp/go-tfe/policy_set.go:501.34,503.3 1 0
github.com/hashicorp/go-tfe/policy_set.go:504.40,506.3 1 0
github.com/hashicorp/go-tfe/policy_set.go:510.16,512.3 1 0
github.com/hashicorp/go-tfe/policy_set.go:518.118,519.34 1 0
github.com/hashicorp/go-tfe/policy_set.go:522.2,522.40 1 0
github.com/hashicorp/go-tfe/policy_set.go:526.2,528.16 3 0
github.com/hashicorp/go-tfe/policy_set.go:532.2,532.25 1 0
github.com/hashicorp/go-tfe/policy_set.go:519.34,521.3 1 0
github.com/hashicorp/go-tfe/policy_set.go:522.40,524.3 1 0
github.com/hashicorp/go-tfe/policy_set.go:528.16,530.3 1 0
github.com/hashicorp/go-tfe/policy_set.go:536.124,537.34 1 0
github.com/hashicorp/go-tfe/policy_set.go:540.2,540.40 1 0
github.com/hashicorp/go-tfe/policy_set.go:544.2,546.16 3 0
github.com/hashicorp/go-tfe/policy_set.go:550.2,550.25 1 0
github.com/hashicorp/go-tfe/policy_set.go:537.34,539.3 1 0
github.com/hashicorp/go-tfe/policy_set.go:540.40,542.3 1 0
github.com/hashicorp/go-tfe/policy_set.go:546.16,548.3 1 0
github.com/hashicorp/go-tfe/policy_set.go:554.76,555.34 1 0
github.com/hashicorp/go-tfe/policy_set.go:559.2,561.16 3 0
github.com/hashicorp/go-tfe/policy_set.go:565.2,565.25 1 0
github.com/hashicorp/go-tfe/policy_set.go:555.34,557.3 1 0
github.com/hashicorp/go-tfe/policy_set.go:561.16,563.3 1 0
github.com/hashicorp/go-tfe/policy_set.go:568.47,569.26 1 0
github.com/hashicorp/go-tfe/policy_set.go:572.2,572.28 1 0
github.com/hashicorp/go-tfe/policy_set.go:575.2,575.12 1 0
github.com/hashicorp/go-tfe/policy_set.go:569.26,571.3 1 0
github.com/hashicorp/go-tfe/policy_set.go:572.28,574.3 1 0
github.com/hashicorp/go-tfe/policy_set.go:578.57,579.25 1 0
github.com/hashicorp/go-tfe/policy_set.go:582.2,582.28 1 0
github.com/hashicorp/go-tfe/policy_set.go:585.2,585.12 1 0
github.com/hashicorp/go-tfe/policy_set.go:579.25,581.3 1 0
github.com/hashicorp/go-tfe/policy_set.go:582.28,584.3 1 0
github.com/hashicorp/go-tfe/policy_set.go:588.66,589.34 1 0
github.com/hashicorp/go-tfe/policy_set.go:592.2,592.37 1 0
github.com/hashicorp/go-tfe/policy_set.go:595.2,595.12 1 0
github.com/hashicorp/go-tfe/policy_set.go:589.34,591.3 1 0
github.com/hashicorp/go-tfe/policy_set.go:592.37,594.3 1 0
github.com/hashicorp/go-tfe/policy_set.go:598.55,599.23 1 0
github.com/hashicorp/go-tfe/policy_set.go:602.2,602.26 1 0
github.com/hashicorp/go-tfe/policy_set.go:605.2,605.12 1 0
github.com/hashicorp/go-tfe/policy_set.go:599.23,601.3 1 0
github.com/hashicorp/go-tfe/policy_set.go:602.26,604.3 1 0
github.com/hashicorp/go-tfe/policy_set.go:608.47,609.45 1 0
github.com/hashicorp/go-tfe/policy_set.go:612.2,612.12 1 0
github.com/hashicorp/go-tfe/policy_set.go:609.45,611.3 1 0
github.com/hashicorp/go-tfe/policy_set.go:615.52,616.23 1 0
github.com/hashicorp/go-tfe/policy_set.go:619.2,619.26 1 0
github.com/hashicorp/go-tfe/policy_set.go:622.2,622.12 1 0
github.com/hashicorp/go-tfe/policy_set.go:616.23,618.3 1 0
github.com/hashicorp/go-tfe/policy_set.go:619.26,621.3 1 0
github.com/hashicorp/go-tfe/policy_set.go:625.55,626.23 1 0
github.com/hashicorp/go-tfe/policy_set.go:629.2,629.26 1 0
github.com/hashicorp/go-tfe/policy_set.go:632.2,632.12 1 0
github.com/hashicorp/go-tfe/policy_set.go:626.23,628.3 1 0
github.com/hashicorp/go-tfe/policy_set.go:629.26,631.3 1 0
github.com/hashicorp/go-tfe/policy_set.go:635.54,636.25 1 0
github.com/hashicorp/go-tfe/policy_set.go:639.2,639.28 1 0
github.com/hashicorp/go-tfe/policy_set.go:642.2,642.12 1 0
github.com/hashicorp/go-tfe/policy_set.go:636.25,638.3 1 0
github.com/hashicorp/go-tfe/policy_set.go:639.28,641.3 1 0
github.com/hashicorp/go-tfe/policy_set.go:645.63,646.34 1 0
github.com/hashicorp/go-tfe/policy_set.go:649.2,649.37 1 0
github.com/hashicorp/go-tfe/policy_set.go:652.2,652.12 1 0
github.com/hashicorp/go-tfe/policy_set.go:646.34,648.3 1 0
github.com/hashicorp/go-tfe/policy_set.go:649.37,651.3 1 0
github.com/hashicorp/go-tfe/policy_set.go:655.52,656.23 1 0
github.com/hashicorp/go-tfe/policy_set.go:659.2,659.26 1 0
github.com/hashicorp/go-tfe/policy_set.go:662.2,662.12 1 0
github.com/hashicorp/go-tfe/policy_set.go:656.23,658.3 1 0
github.com/hashicorp/go-tfe/policy_set.go:659.26,661.3 1 0
github.com/hashicorp/go-tfe/policy_set.go:665.46,667.2 1 0
github.com/hashicorp/go-tfe/admin_sentinel_version.go:103.138,105.16 2 0
github.com/hashicorp/go-tfe/admin_sentinel_version.go:109.2,111.16 3 0
github.com/hashicorp/go-tfe/admin_sentinel_version.go:115.2,115.16 1 0
github.com/hashicorp/go-tfe/admin_sentinel_version.go:105.16,107.3 1 0
github.com/hashicorp/go-tfe/admin_sentinel_version.go:111.16,113.3 1 0
github.com/hashicorp/go-tfe/admin_sentinel_version.go:119.101,120.25 1 0
github.com/hashicorp/go-tfe/admin_sentinel_version.go:124.2,126.16 3 0
github.com/hashicorp/go-tfe/admin_sentinel_version.go:130.2,132.16 3 0
github.com/hashicorp/go-tfe/admin_sentinel_version.go:136.2,136.16 1 0
github.com/hashicorp/go-tfe/admin_sentinel_version.go:120.25,122.3 1 0
github.com/hashicorp/go-tfe/admin_sentinel_version.go:126.16,128.3 1 0
github.com/hashicorp/go-tfe/admin_sentinel_version.go:132.16,134.3 1 0
github.com/hashicorp/go-tfe/admin_sentinel_version.go:140.135,141.40 1 0
github.com/hashicorp/go-tfe/admin_sentinel_version.go:144.2,145.16 2 0
github.com/hashicorp/go-tfe/admin_sentinel_version.go:149.2,151.16 3 0
github.com/hashicorp/go-tfe/admin_sentinel_version.go:155.2,155.16 1 0
github.com/hashicorp/go-tfe/admin_sentinel_version.go:141.40,143.3 1 0
github.com/hashicorp/go-tfe/admin_sentinel_version.go:145.16,147.3 1 0
github.com/hashicorp/go-tfe/admin_sentinel_version.go:151.16,153.3 1 0
github.com/hashicorp/go-tfe/admin_sentinel_version.go:159.146,160.25 1 0
github.com/hashicorp/go-tfe/admin_sentinel_version.go:164.2,166.16 3 0
github.com/hashicorp/go-tfe/admin_sentinel_version.go:170.2,172.16 3 0
github.com/hashicorp/go-tfe/admin_sentinel_version.go:176.2,176.16 1 0
github.com/hashicorp/go-tfe/admin_sentinel_version.go:160.25,162.3 1 0
github.com/hashicorp/go-tfe/admin_sentinel_version.go:166.16,168.3 1 0
github.com/hashicorp/go-tfe/admin_sentinel_version.go:172.16,174.3 1 0
github.com/hashicorp/go-tfe/admin_sentinel_version.go:180.78,181.25 1 0
github.com/hashicorp/go-tfe/admin_sentinel_version.go:185.2,187.16 3 0
github.com/hashicorp/go-tfe/admin_sentinel_version.go:191.2,191.25 1 0
github.com/hashicorp/go-tfe/admin_sentinel_version.go:181.25,183.3 1 0
github.com/hashicorp/go-tfe/admin_sentinel_version.go:187.16,189.3 1 0
github.com/hashicorp/go-tfe/admin_sentinel_version.go:194.58,195.48 1 0
github.com/hashicorp/go-tfe/admin_sentinel_version.go:198.2,198.21 1 0
github.com/hashicorp/go-tfe/admin_sentinel_version.go:201.2,201.17 1 0
github.com/hashicorp/go-tfe/admin_sentinel_version.go:204.2,204.17 1 0
github.com/hashicorp/go-tfe/admin_sentinel_version.go:208.2,208.12 1 0
github.com/hashicorp/go-tfe/admin_sentinel_version.go:195.48,197.3 1 0
github.com/hashicorp/go-tfe/admin_sentinel_version.go:198.21,200.3 1 0
github.com/hashicorp/go-tfe/admin_sentinel_version.go:201.17,203.3 1 0
github.com/hashicorp/go-tfe/admin_sentinel_version.go:204.17,206.3 1 0
github.com/hashicorp/go-tfe/admin_terraform_version.go:105.141,107.16 2 0
github.com/hashicorp/go-tfe/admin_terraform_version.go:111.2,113.16 3 0
github.com/hashicorp/go-tfe/admin_terraform_version.go:117.2,117.17 1 0
github.com/hashicorp/go-tfe/admin_terraform_version.go:107.16,109.3 1 0
github.com/hashicorp/go-tfe/admin_terraform_version.go:113.16,115.3 1 0
github.com/hashicorp/go-tfe/admin_terraform_version.go:121.103,122.25 1 0
github.com/hashicorp/go-tfe/admin_terraform_version.go:126.2,128.16 3 0
github.com/hashicorp/go-tfe/admin_terraform_version.go:132.2,134.16 3 0
github.com/hashicorp/go-tfe/admin_terraform_version.go:138.2,138.17 1 0
github.com/hashicorp/go-tfe/admin_terraform_version.go:122.25,124.3 1 0
github.com/hashicorp/go-tfe/admin_terraform_version.go:128.16,130.3 1 0
github.com/hashicorp/go-tfe/admin_terraform_version.go:134.16,136.3 1 0
github.com/hashicorp/go-tfe/admin_terraform_version.go:142.138,143.40 1 0
github.com/hashicorp/go-tfe/admin_terraform_version.go:146.2,147.16 2 0
github.com/hashicorp/go-tfe/admin_terraform_version.go:151.2,153.16 3 0
github.com/hashicorp/go-tfe/admin_terraform_version.go:157.2,157.17 1 0
github.com/hashicorp/go-tfe/admin_terraform_version.go:143.40,145.3 1 0
github.com/hashicorp/go-tfe/admin_terraform_version.go:147.16,149.3 1 0
github.com/hashicorp/go-tfe/admin_terraform_version.go:153.16,155.3 1 0
github.com/hashicorp/go-tfe/admin_terraform_version.go:161.149,162.25 1 0
github.com/hashicorp/go-tfe/admin_terraform_version.go:166.2,168.16 3 0
github.com/hashicorp/go-tfe/admin_terraform_version.go:172.2,174.16 3 0
github.com/hashicorp/go-tfe/admin_terraform_version.go:178.2,178.17 1 0
github.com/hashicorp/go-tfe/admin_terraform_version.go:162.25,164.3 1 0
github.com/hashicorp/go-tfe/admin_terraform_version.go:168.16,170.3 1 0
github.com/hashicorp/go-tfe/admin_terraform_version.go:174.16,176.3 1 0
github.com/hashicorp/go-tfe/admin_terraform_version.go:182.79,183.25 1 0
github.com/hashicorp/go-tfe/admin_terraform_version.go:187.2,189.16 3 0
github.com/hashicorp/go-tfe/admin_terraform_version.go:193.2,193.25 1 0
github.com/hashicorp/go-tfe/admin_terraform_version.go:183.25,185.3 1 0
github.com/hashicorp/go-tfe/admin_terraform_version.go:189.16,191.3 1 0
github.com/hashicorp/go-tfe/admin_terraform_version.go:196.59,197.49 1 0
github.com/hashicorp/go-tfe/admin_terraform_version.go:200.2,200.29 1 0
github.com/hashicorp/go-tfe/admin_terraform_version.go:203.2,203.25 1 0
github.com/hashicorp/go-tfe/admin_terraform_version.go:206.2,206.25 1 0
github.com/hashicorp/go-tfe/admin_terraform_version.go:210.2,210.12 1 0
github.com/hashicorp/go-tfe/admin_terraform_version.go:197.49,199.3 1 0
github.com/hashicorp/go-tfe/admin_terraform_version.go:200.29,202.3 1 0
github.com/hashicorp/go-tfe/admin_terraform_version.go:203.25,205.3 1 0
github.com/hashicorp/go-tfe/admin_terraform_version.go:206.25,208.3 1 0
github.com/hashicorp/go-tfe/agent_token.go:68.94,69.34 1 0
github.com/hashicorp/go-tfe/agent_token.go:73.2,75.16 3 0
github.com/hashicorp/go-tfe/agent_token.go:79.2,81.16 3 0
github.com/hashicorp/go-tfe/agent_token.go:85.2,85.23 1 0
github.com/hashicorp/go-tfe/agent_token.go:69.34,71.3 1 0
github.com/hashicorp/go-tfe/agent_token.go:75.16,77.3 1 0
github.com/hashicorp/go-tfe/agent_token.go:81.16,83.3 1 0
github.com/hashicorp/go-tfe/agent_token.go:89.125,90.34 1 0
github.com/hashicorp/go-tfe/agent_token.go:94.2,94.39 1 0
github.com/hashicorp/go-tfe/agent_token.go:98.2,100.16 3 0
github.com/hashicorp/go-tfe/agent_token.go:104.2,106.16 3 0
github.com/hashicorp/go-tfe/agent_token.go:110.2,110.16 1 0
github.com/hashicorp/go-tfe/agent_token.go:90.34,92.3 1 0
github.com/hashicorp/go-tfe/agent_token.go:94.39,96.3 1 0
github.com/hashicorp/go-tfe/agent_token.go:100.16,102.3 1 0
github.com/hashicorp/go-tfe/agent_token.go:106.16,108.3 1 0
github.com/hashicorp/go-tfe/agent_token.go:114.91,115.35 1 0
github.com/hashicorp/go-tfe/agent_token.go:119.2,121.16 3 0
github.com/hashicorp/go-tfe/agent_token.go:125.2,127.16 3 0
github.com/hashicorp/go-tfe/agent_token.go:131.2,131.16 1 0
github.com/hashicorp/go-tfe/agent_token.go:115.35,117.3 1 0
github.com/hashicorp/go-tfe/agent_token.go:121.16,123.3 1 0
github.com/hashicorp/go-tfe/agent_token.go:127.16,129.3 1 0
github.com/hashicorp/go-tfe/agent_token.go:135.78,136.35 1 0
github.com/hashicorp/go-tfe/agent_token.go:140.2,142.16 3 0
github.com/hashicorp/go-tfe/agent_token.go:146.2,146.25 1 0
github.com/hashicorp/go-tfe/agent_token.go:136.35,138.3 1 0
github.com/hashicorp/go-tfe/agent_token.go:142.16,144.3 1 0
github.com/hashicorp/go-tfe/apply.go:73.77,74.30 1 0
github.com/hashicorp/go-tfe/apply.go:78.2,80.16 3 0
github.com/hashicorp/go-tfe/apply.go:84.2,86.16 3 0
github.com/hashicorp/go-tfe/apply.go:90.2,90.15 1 0
github.com/hashicorp/go-tfe/apply.go:74.30,76.3 1 0
github.com/hashicorp/go-tfe/apply.go:80.16,82.3 1 0
github.com/hashicorp/go-tfe/apply.go:86.16,88.3 1 0
github.com/hashicorp/go-tfe/apply.go:94.80,95.30 1 0
github.com/hashicorp/go-tfe/apply.go:100.2,101.16 2 0
github.com/hashicorp/go-tfe/apply.go:106.2,106.24 1 0
github.com/hashicorp/go-tfe/apply.go:110.2,111.16 2 0
github.com/hashicorp/go-tfe/apply.go:115.2,115.31 1 0
github.com/hashicorp/go-tfe/apply.go:129.2,134.8 1 0
github.com/hashicorp/go-tfe/apply.go:95.30,97.3 1 0
github.com/hashicorp/go-tfe/apply.go:101.16,103.3 1 0
github.com/hashicorp/go-tfe/apply.go:106.24,108.3 1 0
github.com/hashicorp/go-tfe/apply.go:111.16,113.3 1 0
github.com/hashicorp/go-tfe/apply.go:115.31,117.17 2 0
github.com/hashicorp/go-tfe/apply.go:121.3,121.19 1 0
github.com/hashicorp/go-tfe/apply.go:117.17,119.4 1 0
github.com/hashicorp/go-tfe/apply.go:122.69,123.20 1 0
github.com/hashicorp/go-tfe/apply.go:124.11,125.21 1 0
github.com/hashicorp/go-tfe/comment.go:60.82,61.28 1 0
github.com/hashicorp/go-tfe/comment.go:65.2,67.16 3 0
github.com/hashicorp/go-tfe/comment.go:71.2,73.16 3 0
github.com/hashicorp/go-tfe/comment.go:77.2,77.16 1 0
github.com/hashicorp/go-tfe/comment.go:61.28,63.3 1 0
github.com/hashicorp/go-tfe/comment.go:67.16,69.3 1 0
github.com/hashicorp/go-tfe/comment.go:73.16,75.3 1 0
github.com/hashicorp/go-tfe/comment.go:81.110,82.40 1 0
github.com/hashicorp/go-tfe/comment.go:86.2,86.28 1 0
github.com/hashicorp/go-tfe/comment.go:90.2,92.16 3 0
github.com/hashicorp/go-tfe/comment.go:96.2,98.16 3 0
github.com/hashicorp/go-tfe/comment.go:102.2,102.18 1 0
github.com/hashicorp/go-tfe/comment.go:82.40,84.3 1 0
github.com/hashicorp/go-tfe/comment.go:86.28,88.3 1 0
github.com/hashicorp/go-tfe/comment.go:92.16,94.3 1 0
github.com/hashicorp/go-tfe/comment.go:98.16,100.3 1 0
github.com/hashicorp/go-tfe/comment.go:106.82,107.32 1 0
github.com/hashicorp/go-tfe/comment.go:111.2,113.16 3 0
github.com/hashicorp/go-tfe/comment.go:117.2,119.16 3 0
github.com/hashicorp/go-tfe/comment.go:123.2,123.18 1 0
github.com/hashicorp/go-tfe/comment.go:107.32,109.3 1 0
github.com/hashicorp/go-tfe/comment.go:113.16,115.3 1 0
github.com/hashicorp/go-tfe/comment.go:119.16,121.3 1 0
github.com/hashicorp/go-tfe/comment.go:126.45,127.27 1 0
github.com/hashicorp/go-tfe/comment.go:131.2,131.12 1 0
github.com/hashicorp/go-tfe/comment.go:127.27,129.3 1 0
github.com/hashicorp/go-tfe/ip_ranges.go:42.86,44.16 2 0
github.com/hashicorp/go-tfe/ip_ranges.go:48.2,48.25 1 0
github.com/hashicorp/go-tfe/ip_ranges.go:52.2,54.16 3 0
github.com/hashicorp/go-tfe/ip_ranges.go:58.2,58.16 1 0
github.com/hashicorp/go-tfe/ip_ranges.go:44.16,46.3 1 0
github.com/hashicorp/go-tfe/ip_ranges.go:48.25,50.3 1 0
github.com/hashicorp/go-tfe/ip_ranges.go:54.16,56.3 1 0
github.com/hashicorp/go-tfe/policy_set_version.go:88.55,90.9 2 0
github.com/hashicorp/go-tfe/policy_set_version.go:94.2,94.21 1 0
github.com/hashicorp/go-tfe/policy_set_version.go:98.2,98.23 1 0
github.com/hashicorp/go-tfe/policy_set_version.go:90.9,92.3 1 0
github.com/hashicorp/go-tfe/policy_set_version.go:94.21,96.3 1 0
github.com/hashicorp/go-tfe/policy_set_version.go:102.104,103.34 1 0
github.com/hashicorp/go-tfe/policy_set_version.go:107.2,109.16 3 0
github.com/hashicorp/go-tfe/policy_set_version.go:113.2,115.16 3 0
github.com/hashicorp/go-tfe/policy_set_version.go:119.2,119.17 1 0
github.com/hashicorp/go-tfe/policy_set_version.go:103.34,105.3 1 0
github.com/hashicorp/go-tfe/policy_set_version.go:109.16,111.3 1 0
github.com/hashicorp/go-tfe/policy_set_version.go:115.16,117.3 1 0
github.com/hashicorp/go-tfe/policy_set_version.go:123.109,124.41 1 0
github.com/hashicorp/go-tfe/policy_set_version.go:128.2,130.16 3 0
github.com/hashicorp/go-tfe/policy_set_version.go:134.2,136.16 3 0
github.com/hashicorp/go-tfe/policy_set_version.go:140.2,140.17 1 0
github.com/hashicorp/go-tfe/policy_set_version.go:124.41,126.3 1 0
github.com/hashicorp/go-tfe/policy_set_version.go:130.16,132.3 1 0
github.com/hashicorp/go-tfe/policy_set_version.go:136.16,138.3 1 0
github.com/hashicorp/go-tfe/policy_set_version.go:146.98,148.16 2 0
github.com/hashicorp/go-tfe/policy_set_version.go:152.2,153.16 2 0
github.com/hashicorp/go-tfe/policy_set_version.go:157.2,157.59 1 0
github.com/hashicorp/go-tfe/policy_set_version.go:148.16,150.3 1 0
github.com/hashicorp/go-tfe/policy_set_version.go:153.16,155.3 1 0
github.com/hashicorp/go-tfe/admin_opa_version.go:103.123,105.16 2 0
github.com/hashicorp/go-tfe/admin_opa_version.go:109.2,111.16 3 0
github.com/hashicorp/go-tfe/admin_opa_version.go:115.2,115.16 1 0
github.com/hashicorp/go-tfe/admin_opa_version.go:105.16,107.3 1 0
github.com/hashicorp/go-tfe/admin_opa_version.go:111.16,113.3 1 0
github.com/hashicorp/go-tfe/admin_opa_version.go:119.91,120.25 1 0
github.com/hashicorp/go-tfe/admin_opa_version.go:124.2,126.16 3 0
github.com/hashicorp/go-tfe/admin_opa_version.go:130.2,132.16 3 0
github.com/hashicorp/go-tfe/admin_opa_version.go:136.2,136.16 1 0
github.com/hashicorp/go-tfe/admin_opa_version.go:120.25,122.3 1 0
github.com/hashicorp/go-tfe/admin_opa_version.go:126.16,128.3 1 0
github.com/hashicorp/go-tfe/admin_opa_version.go:132.16,134.3 1 0
github.com/hashicorp/go-tfe/admin_opa_version.go:140.120,141.40 1 0
github.com/hashicorp/go-tfe/admin_opa_version.go:144.2,145.16 2 0
github.com/hashicorp/go-tfe/admin_opa_version.go:149.2,151.16 3 0
github.com/hashicorp/go-tfe/admin_opa_version.go:155.2,155.16 1 0
github.com/hashicorp/go-tfe/admin_opa_version.go:141.40,143.3 1 0
github.com/hashicorp/go-tfe/admin_opa_version.go:145.16,147.3 1 0
github.com/hashicorp/go-tfe/admin_opa_version.go:151.16,153.3 1 0
github.com/hashicorp/go-tfe/admin_opa_version.go:159.131,160.25 1 0
github.com/hashicorp/go-tfe/admin_opa_version.go:164.2,166.16 3 0
github.com/hashicorp/go-tfe/admin_opa_version.go:170.2,172.16 3 0
github.com/hashicorp/go-tfe/admin_opa_version.go:176.2,176.16 1 0
github.com/hashicorp/go-tfe/admin_opa_version.go:160.25,162.3 1 0
github.com/hashicorp/go-tfe/admin_opa_version.go:166.16,168.3 1 0
github.com/hashicorp/go-tfe/admin_opa_version.go:172.16,174.3 1 0
github.com/hashicorp/go-tfe/admin_opa_version.go:180.73,181.25 1 0
github.com/hashicorp/go-tfe/admin_opa_version.go:185.2,187.16 3 0
github.com/hashicorp/go-tfe/admin_opa_version.go:191.2,191.25 1 0
github.com/hashicorp/go-tfe/admin_opa_version.go:181.25,183.3 1 0
github.com/hashicorp/go-tfe/admin_opa_version.go:187.16,189.3 1 0
github.com/hashicorp/go-tfe/admin_opa_version.go:194.53,195.43 1 0
github.com/hashicorp/go-tfe/admin_opa_version.go:198.2,198.21 1 0
github.com/hashicorp/go-tfe/admin_opa_version.go:201.2,201.17 1 0
github.com/hashicorp/go-tfe/admin_opa_version.go:204.2,204.17 1 0
github.com/hashicorp/go-tfe/admin_opa_version.go:208.2,208.12 1 0
github.com/hashicorp/go-tfe/admin_opa_version.go:195.43,197.3 1 0
github.com/hashicorp/go-tfe/admin_opa_version.go:198.21,200.3 1 0
github.com/hashicorp/go-tfe/admin_opa_version.go:201.17,203.3 1 0
github.com/hashicorp/go-tfe/admin_opa_version.go:204.17,206.3 1 0
github.com/hashicorp/go-tfe/request_hooks.go:25.120,33.22 3 0
github.com/hashicorp/go-tfe/request_hooks.go:44.2,44.76 1 0
github.com/hashicorp/go-tfe/request_hooks.go:33.22,36.10 2 0
github.com/hashicorp/go-tfe/request_hooks.go:39.3,39.50 1 0
github.com/hashicorp/go-tfe/request_hooks.go:36.10,37.88 1 0
github.com/hashicorp/go-tfe/request_hooks.go:39.50,42.4 2 0
github.com/hashicorp/go-tfe/request_hooks.go:47.76,49.16 2 1
github.com/hashicorp/go-tfe/request_hooks.go:53.2,53.37 1 0
github.com/hashicorp/go-tfe/request_hooks.go:49.16,51.33 1 1
github.com/hashicorp/go-tfe/request_hooks.go:51.34,51.35 0 1
github.com/hashicorp/go-tfe/request.go:27.73,30.22 1 1
github.com/hashicorp/go-tfe/request.go:38.2,45.17 4 1
github.com/hashicorp/go-tfe/request.go:50.2,50.16 1 1
github.com/hashicorp/go-tfe/request.go:60.2,63.48 2 1
github.com/hashicorp/go-tfe/request.go:68.2,68.18 1 1
github.com/hashicorp/go-tfe/request.go:73.2,73.36 1 1
github.com/hashicorp/go-tfe/request.go:78.2,78.44 1 1
github.com/hashicorp/go-tfe/request.go:30.22,31.45 1 1
github.com/hashicorp/go-tfe/request.go:31.45,33.4 1 0
github.com/hashicorp/go-tfe/request.go:45.17,49.3 1 1
github.com/hashicorp/go-tfe/request.go:50.16,53.10 1 0
github.com/hashicorp/go-tfe/request.go:54.21,55.20 1 0
github.com/hashicorp/go-tfe/request.go:56.11,57.14 1 0
github.com/hashicorp/go-tfe/request.go:63.48,65.3 1 1
github.com/hashicorp/go-tfe/request.go:68.18,70.3 1 1
github.com/hashicorp/go-tfe/request.go:73.36,76.3 2 0
github.com/hashicorp/go-tfe/request.go:83.70,86.22 1 1
github.com/hashicorp/go-tfe/request.go:93.2,101.17 4 1
github.com/hashicorp/go-tfe/request.go:106.2,106.16 1 1
github.com/hashicorp/go-tfe/request.go:116.2,118.53 2 1
github.com/hashicorp/go-tfe/request.go:129.2,129.18 1 1
github.com/hashicorp/go-tfe/request.go:134.2,134.36 1 0
github.com/hashicorp/go-tfe/request.go:139.2,139.49 1 0
github.com/hashicorp/go-tfe/request.go:86.22,87.45 1 0
github.com/hashicorp/go-tfe/request.go:87.45,89.4 1 0
github.com/hashicorp/go-tfe/request.go:101.17,105.3 1 1
github.com/hashicorp/go-tfe/request.go:106.16,109.10 1 0
github.com/hashicorp/go-tfe/request.go:110.21,111.20 1 0
github.com/hashicorp/go-tfe/request.go:112.11,113.14 1 0
github.com/hashicorp/go-tfe/request.go:118.53,120.3 1 0
github.com/hashicorp/go-tfe/request.go:120.8,120.35 1 1
github.com/hashicorp/go-tfe/request.go:120.35,126.3 1 0
github.com/hashicorp/go-tfe/request.go:129.18,131.3 1 1
github.com/hashicorp/go-tfe/request.go:134.36,137.3 2 0
github.com/hashicorp/go-tfe/admin_workspace.go:90.118,91.40 1 0
github.com/hashicorp/go-tfe/admin_workspace.go:95.2,97.16 3 0
github.com/hashicorp/go-tfe/admin_workspace.go:101.2,103.16 3 0
github.com/hashicorp/go-tfe/admin_workspace.go:107.2,107.17 1 0
github.com/hashicorp/go-tfe/admin_workspace.go:91.40,93.3 1 0
github.com/hashicorp/go-tfe/admin_workspace.go:97.16,99.3 1 0
github.com/hashicorp/go-tfe/admin_workspace.go:103.16,105.3 1 0
github.com/hashicorp/go-tfe/admin_workspace.go:111.98,112.34 1 0
github.com/hashicorp/go-tfe/admin_workspace.go:116.2,118.16 3 0
github.com/hashicorp/go-tfe/admin_workspace.go:122.2,124.16 3 0
github.com/hashicorp/go-tfe/admin_workspace.go:128.2,128.16 1 0
github.com/hashicorp/go-tfe/admin_workspace.go:112.34,114.3 1 0
github.com/hashicorp/go-tfe/admin_workspace.go:118.16,120.3 1 0
github.com/hashicorp/go-tfe/admin_workspace.go:124.16,126.3 1 0
github.com/hashicorp/go-tfe/admin_workspace.go:132.81,133.34 1 0
github.com/hashicorp/go-tfe/admin_workspace.go:137.2,139.16 3 0
github.com/hashicorp/go-tfe/admin_workspace.go:143.2,143.25 1 0
github.com/hashicorp/go-tfe/admin_workspace.go:133.34,135.3 1 0
github.com/hashicorp/go-tfe/admin_workspace.go:139.16,141.3 1 0
github.com/hashicorp/go-tfe/admin_workspace.go:146.51,148.2 1 0
github.com/hashicorp/go-tfe/agent.go:55.76,56.30 1 0
github.com/hashicorp/go-tfe/agent.go:60.2,62.16 3 0
github.com/hashicorp/go-tfe/agent.go:66.2,68.16 3 0
github.com/hashicorp/go-tfe/agent.go:72.2,72.19 1 0
github.com/hashicorp/go-tfe/agent.go:56.30,58.3 1 0
github.com/hashicorp/go-tfe/agent.go:62.16,64.3 1 0
github.com/hashicorp/go-tfe/agent.go:68.16,70.3 1 0
github.com/hashicorp/go-tfe/agent.go:76.111,77.34 1 0
github.com/hashicorp/go-tfe/agent.go:81.2,83.16 3 0
github.com/hashicorp/go-tfe/agent.go:87.2,89.16 3 0
github.com/hashicorp/go-tfe/agent.go:93.2,93.23 1 0
github.com/hashicorp/go-tfe/agent.go:77.34,79.3 1 0
github.com/hashicorp/go-tfe/agent.go:83.16,85.3 1 0
github.com/hashicorp/go-tfe/agent.go:89.16,91.3 1 0
github.com/hashicorp/go-tfe/configuration_version.go:209.156,210.34 1 0
github.com/hashicorp/go-tfe/configuration_version.go:213.2,213.40 1 0
github.com/hashicorp/go-tfe/configuration_version.go:217.2,219.16 3 0
github.com/hashicorp/go-tfe/configuration_version.go:223.2,225.16 3 0
github.com/hashicorp/go-tfe/configuration_version.go:229.2,229.17 1 0
github.com/hashicorp/go-tfe/configuration_version.go:210.34,212.3 1 0
github.com/hashicorp/go-tfe/configuration_version.go:213.40,215.3 1 0
github.com/hashicorp/go-tfe/configuration_version.go:219.16,221.3 1 0
github.com/hashicorp/go-tfe/configuration_version.go:225.16,227.3 1 0
github.com/hashicorp/go-tfe/configuration_version.go:234.155,235.34 1 1
github.com/hashicorp/go-tfe/configuration_version.go:239.2,241.16 3 1
github.com/hashicorp/go-tfe/configuration_version.go:245.2,247.16 3 1
github.com/hashicorp/go-tfe/configuration_version.go:251.2,251.16 1 1
github.com/hashicorp/go-tfe/configuration_version.go:235.34,237.3 1 0
github.com/hashicorp/go-tfe/configuration_version.go:241.16,243.3 1 0
github.com/hashicorp/go-tfe/configuration_version.go:247.16,249.3 1 0
github.com/hashicorp/go-tfe/configuration_version.go:254.136,255.41 1 0
github.com/hashicorp/go-tfe/configuration_version.go:259.2,261.16 3 0
github.com/hashicorp/go-tfe/configuration_version.go:265.2,267.16 3 0
github.com/hashicorp/go-tfe/configuration_version.go:271.2,271.16 1 0
github.com/hashicorp/go-tfe/configuration_version.go:255.41,257.3 1 0
github.com/hashicorp/go-tfe/configuration_version.go:261.16,263.3 1 0
github.com/hashicorp/go-tfe/configuration_version.go:267.16,269.3 1 0
github.com/hashicorp/go-tfe/configuration_version.go:275.103,277.2 1 1
github.com/hashicorp/go-tfe/configuration_version.go:280.156,281.27 1 1
github.com/hashicorp/go-tfe/configuration_version.go:284.2,284.40 1 1
github.com/hashicorp/go-tfe/configuration_version.go:288.2,290.16 3 1
github.com/hashicorp/go-tfe/configuration_version.go:294.2,296.16 3 1
github.com/hashicorp/go-tfe/configuration_version.go:300.2,300.16 1 1
github.com/hashicorp/go-tfe/configuration_version.go:281.27,283.3 1 0
github.com/hashicorp/go-tfe/configuration_version.go:284.40,286.3 1 0
github.com/hashicorp/go-tfe/configuration_version.go:290.16,292.3 1 0
github.com/hashicorp/go-tfe/configuration_version.go:296.16,298.3 1 0
github.com/hashicorp/go-tfe/configuration_version.go:306.91,308.16 2 1
github.com/hashicorp/go-tfe/configuration_version.go:312.2,312.46 1 1
github.com/hashicorp/go-tfe/configuration_version.go:308.16,310.3 1 0
github.com/hashicorp/go-tfe/configuration_version.go:321.111,323.2 1 1
github.com/hashicorp/go-tfe/configuration_version.go:327.81,328.27 1 0
github.com/hashicorp/go-tfe/configuration_version.go:332.2,336.16 4 0
github.com/hashicorp/go-tfe/configuration_version.go:340.2,340.25 1 0
github.com/hashicorp/go-tfe/configuration_version.go:328.27,330.3 1 0
github.com/hashicorp/go-tfe/configuration_version.go:336.16,338.3 1 0
github.com/hashicorp/go-tfe/configuration_version.go:343.57,345.2 1 1
github.com/hashicorp/go-tfe/configuration_version.go:347.57,349.2 1 0
github.com/hashicorp/go-tfe/configuration_version.go:352.92,353.27 1 0
github.com/hashicorp/go-tfe/configuration_version.go:357.2,359.16 3 0
github.com/hashicorp/go-tfe/configuration_version.go:363.2,365.16 3 0
github.com/hashicorp/go-tfe/configuration_version.go:369.2,369.25 1 0
github.com/hashicorp/go-tfe/configuration_version.go:353.27,355.3 1 0
github.com/hashicorp/go-tfe/configuration_version.go:359.16,361.3 1 0
github.com/hashicorp/go-tfe/configuration_version.go:365.16,367.3 1 0
github.com/hashicorp/go-tfe/configuration_version.go:372.95,374.2 1 0
github.com/hashicorp/go-tfe/configuration_version.go:376.92,378.2 1 0
github.com/hashicorp/go-tfe/configuration_version.go:380.102,382.2 1 0
github.com/hashicorp/go-tfe/configuration_version.go:384.99,385.27 1 0
github.com/hashicorp/go-tfe/configuration_version.go:389.2,391.16 3 0
github.com/hashicorp/go-tfe/configuration_version.go:395.2,395.25 1 0
github.com/hashicorp/go-tfe/configuration_version.go:385.27,387.3 1 0
github.com/hashicorp/go-tfe/configuration_version.go:391.16,393.3 1 0
github.com/hashicorp/go-tfe/internal_run_task.go:23.49,38.50 3 0
github.com/hashicorp/go-tfe/internal_run_task.go:43.2,46.46 2 0
github.com/hashicorp/go-tfe/internal_run_task.go:61.2,61.55 1 0
github.com/hashicorp/go-tfe/internal_run_task.go:68.2,68.44 1 0
github.com/hashicorp/go-tfe/internal_run_task.go:79.2,79.13 1 0
github.com/hashicorp/go-tfe/internal_run_task.go:38.50,39.21 1 0
github.com/hashicorp/go-tfe/internal_run_task.go:39.21,41.4 1 0
github.com/hashicorp/go-tfe/internal_run_task.go:46.46,50.3 1 0
github.com/hashicorp/go-tfe/internal_run_task.go:50.8,50.43 1 0
github.com/hashicorp/go-tfe/internal_run_task.go:50.43,54.3 1 0
github.com/hashicorp/go-tfe/internal_run_task.go:54.8,58.3 1 0
github.com/hashicorp/go-tfe/internal_run_task.go:61.55,62.40 1 0
github.com/hashicorp/go-tfe/internal_run_task.go:62.40,64.4 1 0
github.com/hashicorp/go-tfe/internal_run_task.go:68.44,69.48 1 0
github.com/hashicorp/go-tfe/internal_run_task.go:69.48,71.43 2 0
github.com/hashicorp/go-tfe/internal_run_task.go:71.43,72.48 1 0
github.com/hashicorp/go-tfe/internal_run_task.go:72.48,74.6 1 0
github.com/hashicorp/go-tfe/internal_run_task.go:90.61,96.34 2 0
github.com/hashicorp/go-tfe/internal_run_task.go:102.2,102.13 1 0
github.com/hashicorp/go-tfe/internal_run_task.go:96.34,97.17 1 0
github.com/hashicorp/go-tfe/internal_run_task.go:97.17,99.4 1 0
github.com/hashicorp/go-tfe/oauth_token.go:77.127,78.35 1 0
github.com/hashicorp/go-tfe/oauth_token.go:82.2,84.16 3 0
github.com/hashicorp/go-tfe/oauth_token.go:88.2,90.16 3 0
github.com/hashicorp/go-tfe/oauth_token.go:94.2,94.17 1 0
github.com/hashicorp/go-tfe/oauth_token.go:78.35,80.3 1 0
github.com/hashicorp/go-tfe/oauth_token.go:84.16,86.3 1 0
github.com/hashicorp/go-tfe/oauth_token.go:90.16,92.3 1 0
github.com/hashicorp/go-tfe/oauth_token.go:98.91,99.35 1 0
github.com/hashicorp/go-tfe/oauth_token.go:103.2,105.16 3 0
github.com/hashicorp/go-tfe/oauth_token.go:109.2,111.16 3 0
github.com/hashicorp/go-tfe/oauth_token.go:115.2,115.16 1 0
github.com/hashicorp/go-tfe/oauth_token.go:99.35,101.3 1 0
github.com/hashicorp/go-tfe/oauth_token.go:105.16,107.3 1 0
github.com/hashicorp/go-tfe/oauth_token.go:111.16,113.3 1 0
github.com/hashicorp/go-tfe/oauth_token.go:119.126,120.35 1 0
github.com/hashicorp/go-tfe/oauth_token.go:124.2,126.16 3 0
github.com/hashicorp/go-tfe/oauth_token.go:130.2,132.16 3 0
github.com/hashicorp/go-tfe/oauth_token.go:136.2,136.16 1 0
github.com/hashicorp/go-tfe/oauth_token.go:120.35,122.3 1 0
github.com/hashicorp/go-tfe/oauth_token.go:126.16,128.3 1 0
github.com/hashicorp/go-tfe/oauth_token.go:132.16,134.3 1 0
github.com/hashicorp/go-tfe/oauth_token.go:140.78,141.35 1 0
github.com/hashicorp/go-tfe/oauth_token.go:145.2,147.16 3 0
github.com/hashicorp/go-tfe/oauth_token.go:151.2,151.25 1 0
github.com/hashicorp/go-tfe/oauth_token.go:141.35,143.3 1 0
github.com/hashicorp/go-tfe/oauth_token.go:147.16,149.3 1 0
github.com/hashicorp/go-tfe/plan.go:82.73,83.29 1 1
github.com/hashicorp/go-tfe/plan.go:87.2,89.16 3 1
github.com/hashicorp/go-tfe/plan.go:93.2,95.16 3 1
github.com/hashicorp/go-tfe/plan.go:99.2,99.15 1 1
github.com/hashicorp/go-tfe/plan.go:83.29,85.3 1 1
github.com/hashicorp/go-tfe/plan.go:89.16,91.3 1 0
github.com/hashicorp/go-tfe/plan.go:95.16,97.3 1 1
github.com/hashicorp/go-tfe/plan.go:103.77,104.29 1 0
github.com/hashicorp/go-tfe/plan.go:109.2,110.16 2 0
github.com/hashicorp/go-tfe/plan.go:115.2,115.24 1 0
github.com/hashicorp/go-tfe/plan.go:119.2,120.16 2 0
github.com/hashicorp/go-tfe/plan.go:124.2,124.31 1 0
github.com/hashicorp/go-tfe/plan.go:138.2,143.8 1 0
github.com/hashicorp/go-tfe/plan.go:104.29,106.3 1 0
github.com/hashicorp/go-tfe/plan.go:110.16,112.3 1 0
github.com/hashicorp/go-tfe/plan.go:115.24,117.3 1 0
github.com/hashicorp/go-tfe/plan.go:120.16,122.3 1 0
github.com/hashicorp/go-tfe/plan.go:124.31,126.17 2 0
github.com/hashicorp/go-tfe/plan.go:130.3,130.19 1 0
github.com/hashicorp/go-tfe/plan.go:126.17,128.4 1 0
github.com/hashicorp/go-tfe/plan.go:131.65,132.20 1 0
github.com/hashicorp/go-tfe/plan.go:133.11,134.21 1 0
github.com/hashicorp/go-tfe/plan.go:147.84,148.29 1 0
github.com/hashicorp/go-tfe/plan.go:152.2,154.16 3 0
github.com/hashicorp/go-tfe/plan.go:158.2,160.16 3 0
github.com/hashicorp/go-tfe/plan.go:164.2,164.25 1 0
github.com/hashicorp/go-tfe/plan.go:148.29,150.3 1 0
github.com/hashicorp/go-tfe/plan.go:154.16,156.3 1 0
github.com/hashicorp/go-tfe/plan.go:160.16,162.3 1 0
github.com/hashicorp/go-tfe/task_stages.go:127.119,128.34 1 0
github.com/hashicorp/go-tfe/task_stages.go:131.2,131.40 1 0
github.com/hashicorp/go-tfe/task_stages.go:135.2,137.16 3 0
github.com/hashicorp/go-tfe/task_stages.go:141.2,143.16 3 0
github.com/hashicorp/go-tfe/task_stages.go:147.2,147.15 1 0
github.com/hashicorp/go-tfe/task_stages.go:128.34,130.3 1 0
github.com/hashicorp/go-tfe/task_stages.go:131.40,133.3 1 0
github.com/hashicorp/go-tfe/task_stages.go:137.16,139.3 1 0
github.com/hashicorp/go-tfe/task_stages.go:143.16,145.3 1 0
github.com/hashicorp/go-tfe/task_stages.go:151.117,152.28 1 0
github.com/hashicorp/go-tfe/task_stages.go:156.2,158.16 3 0
github.com/hashicorp/go-tfe/task_stages.go:162.2,165.16 3 0
github.com/hashicorp/go-tfe/task_stages.go:169.2,169.19 1 0
github.com/hashicorp/go-tfe/task_stages.go:152.28,154.3 1 0
github.com/hashicorp/go-tfe/task_stages.go:158.16,160.3 1 0
github.com/hashicorp/go-tfe/task_stages.go:165.16,167.3 1 0
github.com/hashicorp/go-tfe/task_stages.go:174.126,175.34 1 0
github.com/hashicorp/go-tfe/task_stages.go:179.2,181.16 3 0
github.com/hashicorp/go-tfe/task_stages.go:185.2,187.16 3 0
github.com/hashicorp/go-tfe/task_stages.go:191.2,191.15 1 0
github.com/hashicorp/go-tfe/task_stages.go:175.34,177.3 1 0
github.com/hashicorp/go-tfe/task_stages.go:181.16,183.3 1 0
github.com/hashicorp/go-tfe/task_stages.go:187.16,189.3 1 0
github.com/hashicorp/go-tfe/task_stages.go:194.46,196.2 1 0
github.com/hashicorp/go-tfe/admin_setting_cost_estimation.go:59.102,61.16 2 0
github.com/hashicorp/go-tfe/admin_setting_cost_estimation.go:65.2,67.16 3 0
github.com/hashicorp/go-tfe/admin_setting_cost_estimation.go:71.2,71.17 1 0
github.com/hashicorp/go-tfe/admin_setting_cost_estimation.go:61.16,63.3 1 0
github.com/hashicorp/go-tfe/admin_setting_cost_estimation.go:67.16,69.3 1 0
github.com/hashicorp/go-tfe/admin_setting_cost_estimation.go:75.147,77.16 2 0
github.com/hashicorp/go-tfe/admin_setting_cost_estimation.go:81.2,83.16 3 0
github.com/hashicorp/go-tfe/admin_setting_cost_estimation.go:87.2,87.17 1 0
github.com/hashicorp/go-tfe/admin_setting_cost_estimation.go:77.16,79.3 1 0
github.com/hashicorp/go-tfe/admin_setting_cost_estimation.go:83.16,85.3 1 0
github.com/hashicorp/go-tfe/run.go:378.105,379.34 1 0
github.com/hashicorp/go-tfe/run.go:382.2,382.40 1 0
github.com/hashicorp/go-tfe/run.go:386.2,388.16 3 0
github.com/hashicorp/go-tfe/run.go:392.2,394.16 3 0
github.com/hashicorp/go-tfe/run.go:398.2,398.16 1 0
github.com/hashicorp/go-tfe/run.go:379.34,381.3 1 0
github.com/hashicorp/go-tfe/run.go:382.40,384.3 1 0
github.com/hashicorp/go-tfe/run.go:388.16,390.3 1 0
github.com/hashicorp/go-tfe/run.go:394.16,396.3 1 0
github.com/hashicorp/go-tfe/run.go:402.84,403.40 1 1
github.com/hashicorp/go-tfe/run.go:407.2,408.16 2 1
github.com/hashicorp/go-tfe/run.go:412.2,414.16 3 1
github.com/hashicorp/go-tfe/run.go:418.2,418.15 1 1
github.com/hashicorp/go-tfe/run.go:403.40,405.3 1 0
github.com/hashicorp/go-tfe/run.go:408.16,410.3 1 0
github.com/hashicorp/go-tfe/run.go:414.16,416.3 1 0
github.com/hashicorp/go-tfe/run.go:422.70,424.2 1 1
github.com/hashicorp/go-tfe/run.go:427.106,428.28 1 1
github.com/hashicorp/go-tfe/run.go:431.2,431.40 1 1
github.com/hashicorp/go-tfe/run.go:435.2,437.16 3 1
github.com/hashicorp/go-tfe/run.go:441.2,443.16 3 1
github.com/hashicorp/go-tfe/run.go:447.2,447.15 1 1
github.com/hashicorp/go-tfe/run.go:428.28,430.3 1 0
github.com/hashicorp/go-tfe/run.go:431.40,433.3 1 0
github.com/hashicorp/go-tfe/run.go:437.16,439.3 1 0
github.com/hashicorp/go-tfe/run.go:443.16,445.3 1 0
github.com/hashicorp/go-tfe/run.go:451.88,452.28 1 0
github.com/hashicorp/go-tfe/run.go:456.2,458.16 3 0
github.com/hashicorp/go-tfe/run.go:462.2,462.25 1 0
github.com/hashicorp/go-tfe/run.go:452.28,454.3 1 0
github.com/hashicorp/go-tfe/run.go:458.16,460.3 1 0
github.com/hashicorp/go-tfe/run.go:466.90,467.28 1 0
github.com/hashicorp/go-tfe/run.go:471.2,473.16 3 0
github.com/hashicorp/go-tfe/run.go:477.2,477.25 1 0
github.com/hashicorp/go-tfe/run.go:467.28,469.3 1 0
github.com/hashicorp/go-tfe/run.go:473.16,475.3 1 0
github.com/hashicorp/go-tfe/run.go:481.100,482.28 1 0
github.com/hashicorp/go-tfe/run.go:486.2,488.16 3 0
github.com/hashicorp/go-tfe/run.go:492.2,492.25 1 0
github.com/hashicorp/go-tfe/run.go:482.28,484.3 1 0
github.com/hashicorp/go-tfe/run.go:488.16,490.3 1 0
github.com/hashicorp/go-tfe/run.go:501.70,502.28 1 0
github.com/hashicorp/go-tfe/run.go:506.2,508.16 3 0
github.com/hashicorp/go-tfe/run.go:512.2,512.25 1 0
github.com/hashicorp/go-tfe/run.go:502.28,504.3 1 0
github.com/hashicorp/go-tfe/run.go:508.16,510.3 1 0
github.com/hashicorp/go-tfe/run.go:516.92,517.28 1 0
github.com/hashicorp/go-tfe/run.go:521.2,523.16 3 0
github.com/hashicorp/go-tfe/run.go:527.2,527.25 1 0
github.com/hashicorp/go-tfe/run.go:517.28,519.3 1 0
github.com/hashicorp/go-tfe/run.go:523.16,525.3 1 0
github.com/hashicorp/go-tfe/run.go:530.41,531.24 1 1
github.com/hashicorp/go-tfe/run.go:535.2,535.76 1 1
github.com/hashicorp/go-tfe/run.go:539.2,539.12 1 1
github.com/hashicorp/go-tfe/run.go:531.24,533.3 1 0
github.com/hashicorp/go-tfe/run.go:535.76,537.3 1 0
github.com/hashicorp/go-tfe/run.go:542.40,544.2 1 1
github.com/hashicorp/go-tfe/run.go:546.40,548.2 1 0
github.com/hashicorp/go-tfe/stack_configuration.go:48.51,50.2 1 0
github.com/hashicorp/go-tfe/stack_configuration.go:58.96,60.16 2 0
github.com/hashicorp/go-tfe/stack_configuration.go:64.2,66.16 3 0
github.com/hashicorp/go-tfe/stack_configuration.go:70.2,70.32 1 0
github.com/hashicorp/go-tfe/stack_configuration.go:60.16,62.3 1 0
github.com/hashicorp/go-tfe/stack_configuration.go:66.16,68.3 1 0
github.com/hashicorp/go-tfe/stack_configuration.go:78.108,80.16 2 0
github.com/hashicorp/go-tfe/stack_configuration.go:84.2,88.16 4 0
github.com/hashicorp/go-tfe/stack_configuration.go:92.2,92.25 1 0
github.com/hashicorp/go-tfe/stack_configuration.go:80.16,82.3 1 0
github.com/hashicorp/go-tfe/stack_configuration.go:88.16,90.3 1 0
github.com/hashicorp/go-tfe/stack_configuration.go:99.122,100.88 1 0
github.com/hashicorp/go-tfe/stack_configuration.go:100.88,102.17 2 0
github.com/hashicorp/go-tfe/stack_configuration.go:106.3,106.40 1 0
github.com/hashicorp/go-tfe/stack_configuration.go:102.17,104.4 1 0
github.com/hashicorp/go-tfe/stack_configuration.go:114.152,115.88 1 0
github.com/hashicorp/go-tfe/stack_configuration.go:115.88,117.17 2 0
github.com/hashicorp/go-tfe/stack_configuration.go:121.3,121.40 1 0
github.com/hashicorp/go-tfe/stack_configuration.go:117.17,119.4 1 0
github.com/hashicorp/go-tfe/stack_deployments.go:25.111,27.16 2 0
github.com/hashicorp/go-tfe/stack_deployments.go:31.2,33.16 3 0
github.com/hashicorp/go-tfe/stack_deployments.go:37.2,37.24 1 0
github.com/hashicorp/go-tfe/stack_deployments.go:27.16,29.3 1 0
github.com/hashicorp/go-tfe/stack_deployments.go:33.16,35.3 1 0
github.com/hashicorp/go-tfe/team_access.go:166.107,167.40 1 0
github.com/hashicorp/go-tfe/team_access.go:171.2,172.16 2 0
github.com/hashicorp/go-tfe/team_access.go:176.2,178.16 3 0
github.com/hashicorp/go-tfe/team_access.go:182.2,182.17 1 0
github.com/hashicorp/go-tfe/team_access.go:167.40,169.3 1 0
github.com/hashicorp/go-tfe/team_access.go:172.16,174.3 1 0
github.com/hashicorp/go-tfe/team_access.go:178.16,180.3 1 0
github.com/hashicorp/go-tfe/team_access.go:186.100,187.40 1 0
github.com/hashicorp/go-tfe/team_access.go:191.2,192.16 2 0
github.com/hashicorp/go-tfe/team_access.go:196.2,198.16 3 0
github.com/hashicorp/go-tfe/team_access.go:202.2,202.16 1 0
github.com/hashicorp/go-tfe/team_access.go:187.40,189.3 1 0
github.com/hashicorp/go-tfe/team_access.go:192.16,194.3 1 0
github.com/hashicorp/go-tfe/team_access.go:198.16,200.3 1 0
github.com/hashicorp/go-tfe/team_access.go:206.92,207.35 1 0
github.com/hashicorp/go-tfe/team_access.go:211.2,213.16 3 0
github.com/hashicorp/go-tfe/team_access.go:217.2,219.16 3 0
github.com/hashicorp/go-tfe/team_access.go:223.2,223.16 1 0
github.com/hashicorp/go-tfe/team_access.go:207.35,209.3 1 0
github.com/hashicorp/go-tfe/team_access.go:213.16,215.3 1 0
github.com/hashicorp/go-tfe/team_access.go:219.16,221.3 1 0
github.com/hashicorp/go-tfe/team_access.go:227.127,228.35 1 0
github.com/hashicorp/go-tfe/team_access.go:232.2,234.16 3 0
github.com/hashicorp/go-tfe/team_access.go:238.2,240.16 3 0
github.com/hashicorp/go-tfe/team_access.go:244.2,244.16 1 0
github.com/hashicorp/go-tfe/team_access.go:228.35,230.3 1 0
github.com/hashicorp/go-tfe/team_access.go:234.16,236.3 1 0
github.com/hashicorp/go-tfe/team_access.go:240.16,242.3 1 0
github.com/hashicorp/go-tfe/team_access.go:248.79,249.35 1 0
github.com/hashicorp/go-tfe/team_access.go:253.2,255.16 3 0
github.com/hashicorp/go-tfe/team_access.go:259.2,259.25 1 0
github.com/hashicorp/go-tfe/team_access.go:249.35,251.3 1 0
github.com/hashicorp/go-tfe/team_access.go:255.16,257.3 1 0
github.com/hashicorp/go-tfe/team_access.go:262.47,263.14 1 0
github.com/hashicorp/go-tfe/team_access.go:266.2,266.34 1 0
github.com/hashicorp/go-tfe/team_access.go:269.2,269.36 1 0
github.com/hashicorp/go-tfe/team_access.go:273.2,273.12 1 0
github.com/hashicorp/go-tfe/team_access.go:263.14,265.3 1 0
github.com/hashicorp/go-tfe/team_access.go:266.34,268.3 1 0
github.com/hashicorp/go-tfe/team_access.go:269.36,271.3 1 0
github.com/hashicorp/go-tfe/team_access.go:276.45,277.21 1 0
github.com/hashicorp/go-tfe/team_access.go:280.2,280.19 1 0
github.com/hashicorp/go-tfe/team_access.go:283.2,283.24 1 0
github.com/hashicorp/go-tfe/team_access.go:286.2,286.12 1 0
github.com/hashicorp/go-tfe/team_access.go:277.21,279.3 1 0
github.com/hashicorp/go-tfe/team_access.go:280.19,282.3 1 0
github.com/hashicorp/go-tfe/team_access.go:283.24,285.3 1 0
github.com/hashicorp/go-tfe/team_token.go:59.85,61.2 1 0
github.com/hashicorp/go-tfe/team_token.go:64.128,65.29 1 0
github.com/hashicorp/go-tfe/team_token.go:69.2,71.16 3 0
github.com/hashicorp/go-tfe/team_token.go:75.2,77.16 3 0
github.com/hashicorp/go-tfe/team_token.go:81.2,81.16 1 0
github.com/hashicorp/go-tfe/team_token.go:65.29,67.3 1 0
github.com/hashicorp/go-tfe/team_token.go:71.16,73.3 1 0
github.com/hashicorp/go-tfe/team_token.go:77.16,79.3 1 0
github.com/hashicorp/go-tfe/team_token.go:85.83,86.29 1 0
github.com/hashicorp/go-tfe/team_token.go:90.2,92.16 3 0
github.com/hashicorp/go-tfe/team_token.go:96.2,98.16 3 0
github.com/hashicorp/go-tfe/team_token.go:102.2,102.16 1 0
github.com/hashicorp/go-tfe/team_token.go:86.29,88.3 1 0
github.com/hashicorp/go-tfe/team_token.go:92.16,94.3 1 0
github.com/hashicorp/go-tfe/team_token.go:98.16,100.3 1 0
github.com/hashicorp/go-tfe/team_token.go:106.71,107.29 1 0
github.com/hashicorp/go-tfe/team_token.go:111.2,113.16 3 0
github.com/hashicorp/go-tfe/team_token.go:117.2,117.25 1 0
github.com/hashicorp/go-tfe/team_token.go:107.29,109.3 1 0
github.com/hashicorp/go-tfe/team_token.go:113.16,115.3 1 0
github.com/hashicorp/go-tfe/github_app_installation.go:51.121,55.16 4 0
github.com/hashicorp/go-tfe/github_app_installation.go:59.2,62.16 3 0
github.com/hashicorp/go-tfe/github_app_installation.go:66.2,66.18 1 0
github.com/hashicorp/go-tfe/github_app_installation.go:55.16,57.3 1 0
github.com/hashicorp/go-tfe/github_app_installation.go:62.16,64.3 1 0
github.com/hashicorp/go-tfe/github_app_installation.go:70.91,71.25 1 0
github.com/hashicorp/go-tfe/github_app_installation.go:75.2,77.16 3 0
github.com/hashicorp/go-tfe/github_app_installation.go:81.2,83.16 3 0
github.com/hashicorp/go-tfe/github_app_installation.go:87.2,87.17 1 0
github.com/hashicorp/go-tfe/github_app_installation.go:71.25,73.3 1 0
github.com/hashicorp/go-tfe/github_app_installation.go:77.16,79.3 1 0
github.com/hashicorp/go-tfe/github_app_installation.go:83.16,85.3 1 0
github.com/hashicorp/go-tfe/gpg_key.go:90.100,91.40 1 0
github.com/hashicorp/go-tfe/gpg_key.go:95.2,97.16 3 0
github.com/hashicorp/go-tfe/gpg_key.go:101.2,103.16 3 0
github.com/hashicorp/go-tfe/gpg_key.go:107.2,107.18 1 0
github.com/hashicorp/go-tfe/gpg_key.go:91.40,93.3 1 0
github.com/hashicorp/go-tfe/gpg_key.go:97.16,99.3 1 0
github.com/hashicorp/go-tfe/gpg_key.go:103.16,105.3 1 0
github.com/hashicorp/go-tfe/gpg_key.go:110.120,111.40 1 0
github.com/hashicorp/go-tfe/gpg_key.go:115.2,115.37 1 0
github.com/hashicorp/go-tfe/gpg_key.go:119.2,121.16 3 0
github.com/hashicorp/go-tfe/gpg_key.go:125.2,127.16 3 0
github.com/hashicorp/go-tfe/gpg_key.go:131.2,131.15 1 0
github.com/hashicorp/go-tfe/gpg_key.go:111.40,113.3 1 0
github.com/hashicorp/go-tfe/gpg_key.go:115.37,117.3 1 0
github.com/hashicorp/go-tfe/gpg_key.go:121.16,123.3 1 0
github.com/hashicorp/go-tfe/gpg_key.go:127.16,129.3 1 0
github.com/hashicorp/go-tfe/gpg_key.go:134.78,135.38 1 0
github.com/hashicorp/go-tfe/gpg_key.go:139.2,145.16 3 0
github.com/hashicorp/go-tfe/gpg_key.go:149.2,151.16 3 0
github.com/hashicorp/go-tfe/gpg_key.go:155.2,155.15 1 0
github.com/hashicorp/go-tfe/gpg_key.go:135.38,137.3 1 0
github.com/hashicorp/go-tfe/gpg_key.go:145.16,147.3 1 0
github.com/hashicorp/go-tfe/gpg_key.go:151.16,153.3 1 0
github.com/hashicorp/go-tfe/gpg_key.go:158.109,159.40 1 0
github.com/hashicorp/go-tfe/gpg_key.go:163.2,163.38 1 0
github.com/hashicorp/go-tfe/gpg_key.go:167.2,173.16 3 0
github.com/hashicorp/go-tfe/gpg_key.go:177.2,179.16 3 0
github.com/hashicorp/go-tfe/gpg_key.go:186.2,186.15 1 0
github.com/hashicorp/go-tfe/gpg_key.go:159.40,161.3 1 0
github.com/hashicorp/go-tfe/gpg_key.go:163.38,165.3 1 0
github.com/hashicorp/go-tfe/gpg_key.go:173.16,175.3 1 0
github.com/hashicorp/go-tfe/gpg_key.go:179.16,180.64 1 0
github.com/hashicorp/go-tfe/gpg_key.go:183.3,183.18 1 0
github.com/hashicorp/go-tfe/gpg_key.go:180.64,182.4 1 0
github.com/hashicorp/go-tfe/gpg_key.go:189.69,190.38 1 0
github.com/hashicorp/go-tfe/gpg_key.go:194.2,200.16 3 0
github.com/hashicorp/go-tfe/gpg_key.go:204.2,204.25 1 0
github.com/hashicorp/go-tfe/gpg_key.go:190.38,192.3 1 0
github.com/hashicorp/go-tfe/gpg_key.go:200.16,202.3 1 0
github.com/hashicorp/go-tfe/gpg_key.go:207.33,208.39 1 0
github.com/hashicorp/go-tfe/gpg_key.go:212.2,212.32 1 0
github.com/hashicorp/go-tfe/gpg_key.go:216.2,216.28 1 0
github.com/hashicorp/go-tfe/gpg_key.go:220.2,220.12 1 0
github.com/hashicorp/go-tfe/gpg_key.go:208.39,210.3 1 0
github.com/hashicorp/go-tfe/gpg_key.go:212.32,214.3 1 0
github.com/hashicorp/go-tfe/gpg_key.go:216.28,218.3 1 0
github.com/hashicorp/go-tfe/gpg_key.go:223.43,224.28 1 0
github.com/hashicorp/go-tfe/gpg_key.go:228.2,228.41 1 0
github.com/hashicorp/go-tfe/gpg_key.go:234.2,234.12 1 0
github.com/hashicorp/go-tfe/gpg_key.go:224.28,226.3 1 0
github.com/hashicorp/go-tfe/gpg_key.go:228.41,229.50 1 0
github.com/hashicorp/go-tfe/gpg_key.go:229.50,231.4 1 0
github.com/hashicorp/go-tfe/gpg_key.go:237.44,238.32 1 0
github.com/hashicorp/go-tfe/gpg_key.go:242.2,242.33 1 0
github.com/hashicorp/go-tfe/gpg_key.go:246.2,246.12 1 0
github.com/hashicorp/go-tfe/gpg_key.go:238.32,240.3 1 0
github.com/hashicorp/go-tfe/gpg_key.go:242.33,244.3 1 0
github.com/hashicorp/go-tfe/gpg_key.go:249.44,250.32 1 0
github.com/hashicorp/go-tfe/gpg_key.go:254.2,254.12 1 0
github.com/hashicorp/go-tfe/gpg_key.go:250.32,252.3 1 0
github.com/hashicorp/go-tfe/plan_export.go:94.105,95.40 1 0
github.com/hashicorp/go-tfe/plan_export.go:99.2,100.16 2 0
github.com/hashicorp/go-tfe/plan_export.go:104.2,106.16 3 0
github.com/hashicorp/go-tfe/plan_export.go:110.2,110.16 1 0
github.com/hashicorp/go-tfe/plan_export.go:95.40,97.3 1 0
github.com/hashicorp/go-tfe/plan_export.go:100.16,102.3 1 0
github.com/hashicorp/go-tfe/plan_export.go:106.16,108.3 1 0
github.com/hashicorp/go-tfe/plan_export.go:114.91,115.35 1 0
github.com/hashicorp/go-tfe/plan_export.go:119.2,121.16 3 0
github.com/hashicorp/go-tfe/plan_export.go:125.2,127.16 3 0
github.com/hashicorp/go-tfe/plan_export.go:131.2,131.16 1 0
github.com/hashicorp/go-tfe/plan_export.go:115.35,117.3 1 0
github.com/hashicorp/go-tfe/plan_export.go:121.16,123.3 1 0
github.com/hashicorp/go-tfe/plan_export.go:127.16,129.3 1 0
github.com/hashicorp/go-tfe/plan_export.go:135.78,136.35 1 0
github.com/hashicorp/go-tfe/plan_export.go:140.2,142.16 3 0
github.com/hashicorp/go-tfe/plan_export.go:146.2,146.25 1 0
github.com/hashicorp/go-tfe/plan_export.go:136.35,138.3 1 0
github.com/hashicorp/go-tfe/plan_export.go:142.16,144.3 1 0
github.com/hashicorp/go-tfe/plan_export.go:150.90,151.35 1 0
github.com/hashicorp/go-tfe/plan_export.go:155.2,157.16 3 0
github.com/hashicorp/go-tfe/plan_export.go:161.2,163.16 3 0
github.com/hashicorp/go-tfe/plan_export.go:167.2,167.25 1 0
github.com/hashicorp/go-tfe/plan_export.go:151.35,153.3 1 0
github.com/hashicorp/go-tfe/plan_export.go:157.16,159.3 1 0
github.com/hashicorp/go-tfe/plan_export.go:163.16,165.3 1 0
github.com/hashicorp/go-tfe/plan_export.go:170.48,171.19 1 0
github.com/hashicorp/go-tfe/plan_export.go:174.2,174.23 1 0
github.com/hashicorp/go-tfe/plan_export.go:177.2,177.12 1 0
github.com/hashicorp/go-tfe/plan_export.go:171.19,173.3 1 0
github.com/hashicorp/go-tfe/plan_export.go:174.23,176.3 1 0
github.com/hashicorp/go-tfe/ssh_key.go:84.115,85.35 1 0
github.com/hashicorp/go-tfe/ssh_key.go:89.2,91.16 3 0
github.com/hashicorp/go-tfe/ssh_key.go:95.2,97.16 3 0
github.com/hashicorp/go-tfe/ssh_key.go:101.2,101.16 1 0
github.com/hashicorp/go-tfe/ssh_key.go:85.35,87.3 1 0
github.com/hashicorp/go-tfe/ssh_key.go:91.16,93.3 1 0
github.com/hashicorp/go-tfe/ssh_key.go:97.16,99.3 1 0
github.com/hashicorp/go-tfe/ssh_key.go:105.114,106.35 1 0
github.com/hashicorp/go-tfe/ssh_key.go:110.2,110.40 1 0
github.com/hashicorp/go-tfe/ssh_key.go:114.2,116.16 3 0
github.com/hashicorp/go-tfe/ssh_key.go:120.2,122.16 3 0
github.com/hashicorp/go-tfe/ssh_key.go:126.2,126.15 1 0
github.com/hashicorp/go-tfe/ssh_key.go:106.35,108.3 1 0
github.com/hashicorp/go-tfe/ssh_key.go:110.40,112.3 1 0
github.com/hashicorp/go-tfe/ssh_key.go:116.16,118.3 1 0
github.com/hashicorp/go-tfe/ssh_key.go:122.16,124.3 1 0
github.com/hashicorp/go-tfe/ssh_key.go:130.79,131.31 1 0
github.com/hashicorp/go-tfe/ssh_key.go:135.2,137.16 3 0
github.com/hashicorp/go-tfe/ssh_key.go:141.2,143.16 3 0
github.com/hashicorp/go-tfe/ssh_key.go:147.2,147.15 1 0
github.com/hashicorp/go-tfe/ssh_key.go:131.31,133.3 1 0
github.com/hashicorp/go-tfe/ssh_key.go:137.16,139.3 1 0
github.com/hashicorp/go-tfe/ssh_key.go:143.16,145.3 1 0
github.com/hashicorp/go-tfe/ssh_key.go:151.110,152.31 1 0
github.com/hashicorp/go-tfe/ssh_key.go:156.2,158.16 3 0
github.com/hashicorp/go-tfe/ssh_key.go:162.2,164.16 3 0
github.com/hashicorp/go-tfe/ssh_key.go:168.2,168.15 1 0
github.com/hashicorp/go-tfe/ssh_key.go:152.31,154.3 1 0
github.com/hashicorp/go-tfe/ssh_key.go:158.16,160.3 1 0
github.com/hashicorp/go-tfe/ssh_key.go:164.16,166.3 1 0
github.com/hashicorp/go-tfe/ssh_key.go:172.70,173.31 1 0
github.com/hashicorp/go-tfe/ssh_key.go:177.2,179.16 3 0
github.com/hashicorp/go-tfe/ssh_key.go:183.2,183.25 1 0
github.com/hashicorp/go-tfe/ssh_key.go:173.31,175.3 1 0
github.com/hashicorp/go-tfe/ssh_key.go:179.16,181.3 1 0
github.com/hashicorp/go-tfe/ssh_key.go:186.44,187.26 1 0
github.com/hashicorp/go-tfe/ssh_key.go:190.2,190.27 1 0
github.com/hashicorp/go-tfe/ssh_key.go:193.2,193.12 1 0
github.com/hashicorp/go-tfe/ssh_key.go:187.26,189.3 1 0
github.com/hashicorp/go-tfe/ssh_key.go:190.27,192.3 1 0
github.com/hashicorp/go-tfe/workspace_run_task.go:85.144,86.34 1 0
github.com/hashicorp/go-tfe/workspace_run_task.go:90.2,92.16 3 0
github.com/hashicorp/go-tfe/workspace_run_task.go:96.2,98.16 3 0
github.com/hashicorp/go-tfe/workspace_run_task.go:102.2,102.41 1 0
github.com/hashicorp/go-tfe/workspace_run_task.go:86.34,88.3 1 0
github.com/hashicorp/go-tfe/workspace_run_task.go:92.16,94.3 1 0
github.com/hashicorp/go-tfe/workspace_run_task.go:98.16,100.3 1 0
github.com/hashicorp/go-tfe/workspace_run_task.go:106.119,107.34 1 0
github.com/hashicorp/go-tfe/workspace_run_task.go:111.2,111.38 1 0
github.com/hashicorp/go-tfe/workspace_run_task.go:115.2,121.16 3 0
github.com/hashicorp/go-tfe/workspace_run_task.go:125.2,127.16 3 0
github.com/hashicorp/go-tfe/workspace_run_task.go:131.2,131.37 1 0
github.com/hashicorp/go-tfe/workspace_run_task.go:107.34,109.3 1 0
github.com/hashicorp/go-tfe/workspace_run_task.go:111.38,113.3 1 0
github.com/hashicorp/go-tfe/workspace_run_task.go:121.16,123.3 1 0
github.com/hashicorp/go-tfe/workspace_run_task.go:127.16,129.3 1 0
github.com/hashicorp/go-tfe/workspace_run_task.go:135.143,136.34 1 0
github.com/hashicorp/go-tfe/workspace_run_task.go:140.2,140.40 1 0
github.com/hashicorp/go-tfe/workspace_run_task.go:144.2,146.16 3 0
github.com/hashicorp/go-tfe/workspace_run_task.go:150.2,152.16 3 0
github.com/hashicorp/go-tfe/workspace_run_task.go:156.2,156.37 1 0
github.com/hashicorp/go-tfe/workspace_run_task.go:136.34,138.3 1 0
github.com/hashicorp/go-tfe/workspace_run_task.go:140.40,142.3 1 0
github.com/hashicorp/go-tfe/workspace_run_task.go:146.16,148.3 1 0
github.com/hashicorp/go-tfe/workspace_run_task.go:152.16,154.3 1 0
github.com/hashicorp/go-tfe/workspace_run_task.go:160.160,161.34 1 0
github.com/hashicorp/go-tfe/workspace_run_task.go:165.2,165.38 1 0
github.com/hashicorp/go-tfe/workspace_run_task.go:169.2,175.16 3 0
github.com/hashicorp/go-tfe/workspace_run_task.go:179.2,181.16 3 0
github.com/hashicorp/go-tfe/workspace_run_task.go:185.2,185.37 1 0
github.com/hashicorp/go-tfe/workspace_run_task.go:161.34,163.3 1 0
github.com/hashicorp/go-tfe/workspace_run_task.go:165.38,167.3 1 0
github.com/hashicorp/go-tfe/workspace_run_task.go:175.16,177.3 1 0
github.com/hashicorp/go-tfe/workspace_run_task.go:181.16,183.3 1 0
github.com/hashicorp/go-tfe/workspace_run_task.go:189.100,190.34 1 0
github.com/hashicorp/go-tfe/workspace_run_task.go:194.2,194.38 1 0
github.com/hashicorp/go-tfe/workspace_run_task.go:198.2,204.16 3 0
github.com/hashicorp/go-tfe/workspace_run_task.go:208.2,208.25 1 0
github.com/hashicorp/go-tfe/workspace_run_task.go:190.34,192.3 1 0
github.com/hashicorp/go-tfe/workspace_run_task.go:194.38,196.3 1 0
github.com/hashicorp/go-tfe/workspace_run_task.go:204.16,206.3 1 0
github.com/hashicorp/go-tfe/workspace_run_task.go:211.55,212.24 1 0
github.com/hashicorp/go-tfe/workspace_run_task.go:216.2,216.12 1 0
github.com/hashicorp/go-tfe/workspace_run_task.go:212.24,214.3 1 0
github.com/hashicorp/go-tfe/admin_setting_customization.go:38.100,40.16 2 0
github.com/hashicorp/go-tfe/admin_setting_customization.go:44.2,46.16 3 0
github.com/hashicorp/go-tfe/admin_setting_customization.go:50.2,50.16 1 0
github.com/hashicorp/go-tfe/admin_setting_customization.go:40.16,42.3 1 0
github.com/hashicorp/go-tfe/admin_setting_customization.go:46.16,48.3 1 0
github.com/hashicorp/go-tfe/admin_setting_customization.go:65.151,67.16 2 0
github.com/hashicorp/go-tfe/admin_setting_customization.go:71.2,73.16 3 0
github.com/hashicorp/go-tfe/admin_setting_customization.go:77.2,77.16 1 0
github.com/hashicorp/go-tfe/admin_setting_customization.go:67.16,69.3 1 0
github.com/hashicorp/go-tfe/admin_setting_customization.go:73.16,75.3 1 0
github.com/hashicorp/go-tfe/organization.go:322.112,324.16 2 0
github.com/hashicorp/go-tfe/organization.go:328.2,330.16 3 0
github.com/hashicorp/go-tfe/organization.go:334.2,334.18 1 0
github.com/hashicorp/go-tfe/organization.go:324.16,326.3 1 0
github.com/hashicorp/go-tfe/organization.go:330.16,332.3 1 0
github.com/hashicorp/go-tfe/organization.go:338.111,339.40 1 1
github.com/hashicorp/go-tfe/organization.go:343.2,344.16 2 1
github.com/hashicorp/go-tfe/organization.go:348.2,350.16 3 1
github.com/hashicorp/go-tfe/organization.go:354.2,354.17 1 1
github.com/hashicorp/go-tfe/organization.go:339.40,341.3 1 0
github.com/hashicorp/go-tfe/organization.go:344.16,346.3 1 0
github.com/hashicorp/go-tfe/organization.go:350.16,352.3 1 0
github.com/hashicorp/go-tfe/organization.go:358.95,360.2 1 0
github.com/hashicorp/go-tfe/organization.go:363.139,364.35 1 0
github.com/hashicorp/go-tfe/organization.go:368.2,370.16 3 0
github.com/hashicorp/go-tfe/organization.go:374.2,376.16 3 0
github.com/hashicorp/go-tfe/organization.go:381.2,383.17 2 0
github.com/hashicorp/go-tfe/organization.go:364.35,366.3 1 0
github.com/hashicorp/go-tfe/organization.go:370.16,372.3 1 0
github.com/hashicorp/go-tfe/organization.go:376.16,378.3 1 0
github.com/hashicorp/go-tfe/organization.go:387.132,388.35 1 0
github.com/hashicorp/go-tfe/organization.go:392.2,394.16 3 0
github.com/hashicorp/go-tfe/organization.go:398.2,400.16 3 0
github.com/hashicorp/go-tfe/organization.go:404.2,404.17 1 0
github.com/hashicorp/go-tfe/organization.go:388.35,390.3 1 0
github.com/hashicorp/go-tfe/organization.go:394.16,396.3 1 0
github.com/hashicorp/go-tfe/organization.go:400.16,402.3 1 0
github.com/hashicorp/go-tfe/organization.go:408.80,409.35 1 1
github.com/hashicorp/go-tfe/organization.go:413.2,415.16 3 1
github.com/hashicorp/go-tfe/organization.go:419.2,419.25 1 1
github.com/hashicorp/go-tfe/organization.go:409.35,411.3 1 0
github.com/hashicorp/go-tfe/organization.go:415.16,417.3 1 0
github.com/hashicorp/go-tfe/organization.go:423.99,424.35 1 0
github.com/hashicorp/go-tfe/organization.go:428.2,430.16 3 0
github.com/hashicorp/go-tfe/organization.go:434.2,436.16 3 0
github.com/hashicorp/go-tfe/organization.go:440.2,440.15 1 0
github.com/hashicorp/go-tfe/organization.go:424.35,426.3 1 0
github.com/hashicorp/go-tfe/organization.go:430.16,432.3 1 0
github.com/hashicorp/go-tfe/organization.go:436.16,438.3 1 0
github.com/hashicorp/go-tfe/organization.go:444.107,445.35 1 0
github.com/hashicorp/go-tfe/organization.go:449.2,451.16 3 0
github.com/hashicorp/go-tfe/organization.go:455.2,457.16 3 0
github.com/hashicorp/go-tfe/organization.go:461.2,461.15 1 0
github.com/hashicorp/go-tfe/organization.go:445.35,447.3 1 0
github.com/hashicorp/go-tfe/organization.go:451.16,453.3 1 0
github.com/hashicorp/go-tfe/organization.go:457.16,459.3 1 0
github.com/hashicorp/go-tfe/organization.go:465.128,466.35 1 0
github.com/hashicorp/go-tfe/organization.go:470.2,472.16 3 0
github.com/hashicorp/go-tfe/organization.go:476.2,478.16 3 0
github.com/hashicorp/go-tfe/organization.go:482.2,482.16 1 0
github.com/hashicorp/go-tfe/organization.go:466.35,468.3 1 0
github.com/hashicorp/go-tfe/organization.go:472.16,474.3 1 0
github.com/hashicorp/go-tfe/organization.go:478.16,480.3 1 0
github.com/hashicorp/go-tfe/organization.go:485.121,486.35 1 0
github.com/hashicorp/go-tfe/organization.go:490.2,492.16 3 0
github.com/hashicorp/go-tfe/organization.go:496.2,499.16 3 0
github.com/hashicorp/go-tfe/organization.go:508.2,508.33 1 0
github.com/hashicorp/go-tfe/organization.go:486.35,488.3 1 0
github.com/hashicorp/go-tfe/organization.go:492.16,494.3 1 0
github.com/hashicorp/go-tfe/organization.go:499.16,502.46 1 0
github.com/hashicorp/go-tfe/organization.go:505.3,505.18 1 0
github.com/hashicorp/go-tfe/organization.go:502.46,504.4 1 0
github.com/hashicorp/go-tfe/organization.go:511.133,512.35 1 0
github.com/hashicorp/go-tfe/organization.go:524.2,525.16 2 0
github.com/hashicorp/go-tfe/organization.go:530.2,530.90 1 0
github.com/hashicorp/go-tfe/organization.go:534.2,536.16 3 0
github.com/hashicorp/go-tfe/organization.go:540.2,542.73 2 0
github.com/hashicorp/go-tfe/organization.go:558.2,558.16 1 0
github.com/hashicorp/go-tfe/organization.go:562.2,562.33 1 0
github.com/hashicorp/go-tfe/organization.go:512.35,514.3 1 0
github.com/hashicorp/go-tfe/organization.go:525.16,527.3 1 0
github.com/hashicorp/go-tfe/organization.go:530.90,532.3 1 0
github.com/hashicorp/go-tfe/organization.go:536.16,538.3 1 0
github.com/hashicorp/go-tfe/organization.go:542.73,548.3 3 0
github.com/hashicorp/go-tfe/organization.go:548.8,548.79 1 0
github.com/hashicorp/go-tfe/organization.go:548.79,552.3 3 0
github.com/hashicorp/go-tfe/organization.go:552.8,552.69 1 0
github.com/hashicorp/go-tfe/organization.go:552.69,556.3 3 0
github.com/hashicorp/go-tfe/organization.go:558.16,560.3 1 0
github.com/hashicorp/go-tfe/organization.go:567.159,568.35 1 0
github.com/hashicorp/go-tfe/organization.go:572.2,574.16 3 0
github.com/hashicorp/go-tfe/organization.go:578.2,581.16 3 0
github.com/hashicorp/go-tfe/organization.go:585.2,585.33 1 0
github.com/hashicorp/go-tfe/organization.go:568.35,570.3 1 0
github.com/hashicorp/go-tfe/organization.go:574.16,576.3 1 0
github.com/hashicorp/go-tfe/organization.go:581.16,583.3 1 0
github.com/hashicorp/go-tfe/organization.go:588.192,589.35 1 0
github.com/hashicorp/go-tfe/organization.go:593.2,595.16 3 0
github.com/hashicorp/go-tfe/organization.go:599.2,602.16 3 0
github.com/hashicorp/go-tfe/organization.go:606.2,606.33 1 0
github.com/hashicorp/go-tfe/organization.go:589.35,591.3 1 0
github.com/hashicorp/go-tfe/organization.go:595.16,597.3 1 0
github.com/hashicorp/go-tfe/organization.go:602.16,604.3 1 0
github.com/hashicorp/go-tfe/organization.go:609.189,610.35 1 0
github.com/hashicorp/go-tfe/organization.go:614.2,616.16 3 0
github.com/hashicorp/go-tfe/organization.go:620.2,623.16 3 0
github.com/hashicorp/go-tfe/organization.go:627.2,627.33 1 0
github.com/hashicorp/go-tfe/organization.go:610.35,612.3 1 0
github.com/hashicorp/go-tfe/organization.go:616.16,618.3 1 0
github.com/hashicorp/go-tfe/organization.go:623.16,625.3 1 0
github.com/hashicorp/go-tfe/organization.go:630.99,631.35 1 0
github.com/hashicorp/go-tfe/organization.go:635.2,637.16 3 0
github.com/hashicorp/go-tfe/organization.go:641.2,641.25 1 0
github.com/hashicorp/go-tfe/organization.go:631.35,633.3 1 0
github.com/hashicorp/go-tfe/organization.go:637.16,639.3 1 0
github.com/hashicorp/go-tfe/organization.go:644.50,645.26 1 1
github.com/hashicorp/go-tfe/organization.go:648.2,648.28 1 1
github.com/hashicorp/go-tfe/organization.go:651.2,651.27 1 1
github.com/hashicorp/go-tfe/organization.go:654.2,654.12 1 1
github.com/hashicorp/go-tfe/organization.go:645.26,647.3 1 0
github.com/hashicorp/go-tfe/organization.go:648.28,650.3 1 0
github.com/hashicorp/go-tfe/organization.go:651.27,653.3 1 0
github.com/hashicorp/go-tfe/organization.go:657.69,659.2 1 0
github.com/hashicorp/go-tfe/policy_set_parameter.go:104.150,105.34 1 0
github.com/hashicorp/go-tfe/policy_set_parameter.go:109.2,111.16 3 0
github.com/hashicorp/go-tfe/policy_set_parameter.go:115.2,117.16 3 0
github.com/hashicorp/go-tfe/policy_set_parameter.go:121.2,121.16 1 0
github.com/hashicorp/go-tfe/policy_set_parameter.go:105.34,107.3 1 0
github.com/hashicorp/go-tfe/policy_set_parameter.go:111.16,113.3 1 0
github.com/hashicorp/go-tfe/policy_set_parameter.go:117.16,119.3 1 0
github.com/hashicorp/go-tfe/policy_set_parameter.go:125.149,126.34 1 0
github.com/hashicorp/go-tfe/policy_set_parameter.go:129.2,129.40 1 0
github.com/hashicorp/go-tfe/policy_set_parameter.go:133.2,135.16 3 0
github.com/hashicorp/go-tfe/policy_set_parameter.go:139.2,141.16 3 0
github.com/hashicorp/go-tfe/policy_set_parameter.go:145.2,145.15 1 0
github.com/hashicorp/go-tfe/policy_set_parameter.go:126.34,128.3 1 0
github.com/hashicorp/go-tfe/policy_set_parameter.go:129.40,131.3 1 0
github.com/hashicorp/go-tfe/policy_set_parameter.go:135.16,137.3 1 0
github.com/hashicorp/go-tfe/policy_set_parameter.go:141.16,143.3 1 0
github.com/hashicorp/go-tfe/policy_set_parameter.go:149.119,150.34 1 0
github.com/hashicorp/go-tfe/policy_set_parameter.go:153.2,153.34 1 0
github.com/hashicorp/go-tfe/policy_set_parameter.go:157.2,159.16 3 0
github.com/hashicorp/go-tfe/policy_set_parameter.go:163.2,165.16 3 0
github.com/hashicorp/go-tfe/policy_set_parameter.go:169.2,169.15 1 0
github.com/hashicorp/go-tfe/policy_set_parameter.go:150.34,152.3 1 0
github.com/hashicorp/go-tfe/policy_set_parameter.go:153.34,155.3 1 0
github.com/hashicorp/go-tfe/policy_set_parameter.go:159.16,161.3 1 0
github.com/hashicorp/go-tfe/policy_set_parameter.go:165.16,167.3 1 0
github.com/hashicorp/go-tfe/policy_set_parameter.go:173.162,174.34 1 0
github.com/hashicorp/go-tfe/policy_set_parameter.go:177.2,177.34 1 0
github.com/hashicorp/go-tfe/policy_set_parameter.go:181.2,183.16 3 0
github.com/hashicorp/go-tfe/policy_set_parameter.go:187.2,189.16 3 0
github.com/hashicorp/go-tfe/policy_set_parameter.go:193.2,193.15 1 0
github.com/hashicorp/go-tfe/policy_set_parameter.go:174.34,176.3 1 0
github.com/hashicorp/go-tfe/policy_set_parameter.go:177.34,179.3 1 0
github.com/hashicorp/go-tfe/policy_set_parameter.go:183.16,185.3 1 0
github.com/hashicorp/go-tfe/policy_set_parameter.go:189.16,191.3 1 0
github.com/hashicorp/go-tfe/policy_set_parameter.go:197.98,198.34 1 0
github.com/hashicorp/go-tfe/policy_set_parameter.go:201.2,201.34 1 0
github.com/hashicorp/go-tfe/policy_set_parameter.go:205.2,207.16 3 0
github.com/hashicorp/go-tfe/policy_set_parameter.go:211.2,211.25 1 0
github.com/hashicorp/go-tfe/policy_set_parameter.go:198.34,200.3 1 0
github.com/hashicorp/go-tfe/policy_set_parameter.go:201.34,203.3 1 0
github.com/hashicorp/go-tfe/policy_set_parameter.go:207.16,209.3 1 0
github.com/hashicorp/go-tfe/policy_set_parameter.go:214.56,215.25 1 0
github.com/hashicorp/go-tfe/policy_set_parameter.go:218.2,218.23 1 0
github.com/hashicorp/go-tfe/policy_set_parameter.go:221.2,221.38 1 0
github.com/hashicorp/go-tfe/policy_set_parameter.go:224.2,224.12 1 0
github.com/hashicorp/go-tfe/policy_set_parameter.go:215.25,217.3 1 0
github.com/hashicorp/go-tfe/policy_set_parameter.go:218.23,220.3 1 0
github.com/hashicorp/go-tfe/policy_set_parameter.go:221.38,223.3 1 0
github.com/hashicorp/go-tfe/registry_module.go:315.139,316.35 1 0
github.com/hashicorp/go-tfe/registry_module.go:320.2,322.16 3 0
github.com/hashicorp/go-tfe/registry_module.go:326.2,328.16 3 0
github.com/hashicorp/go-tfe/registry_module.go:332.2,332.16 1 0
github.com/hashicorp/go-tfe/registry_module.go:316.35,318.3 1 0
github.com/hashicorp/go-tfe/registry_module.go:322.16,324.3 1 0
github.com/hashicorp/go-tfe/registry_module.go:328.16,330.3 1 0
github.com/hashicorp/go-tfe/registry_module.go:336.108,337.44 1 0
github.com/hashicorp/go-tfe/registry_module.go:341.2,349.16 3 0
github.com/hashicorp/go-tfe/registry_module.go:353.2,355.16 3 0
github.com/hashicorp/go-tfe/registry_module.go:359.2,359.16 1 0
github.com/hashicorp/go-tfe/registry_module.go:337.44,339.3 1 0
github.com/hashicorp/go-tfe/registry_module.go:349.16,351.3 1 0
github.com/hashicorp/go-tfe/registry_module.go:355.16,357.3 1 0
github.com/hashicorp/go-tfe/registry_module.go:365.101,367.9 2 0
github.com/hashicorp/go-tfe/registry_module.go:371.2,372.16 2 0
github.com/hashicorp/go-tfe/registry_module.go:376.2,376.46 1 0
github.com/hashicorp/go-tfe/registry_module.go:367.9,369.3 1 0
github.com/hashicorp/go-tfe/registry_module.go:372.16,374.3 1 0
github.com/hashicorp/go-tfe/registry_module.go:385.105,387.2 1 0
github.com/hashicorp/go-tfe/registry_module.go:390.138,391.35 1 0
github.com/hashicorp/go-tfe/registry_module.go:394.2,394.40 1 0
github.com/hashicorp/go-tfe/registry_module.go:398.2,398.27 1 0
github.com/hashicorp/go-tfe/registry_module.go:402.2,407.16 3 0
github.com/hashicorp/go-tfe/registry_module.go:411.2,413.16 3 0
github.com/hashicorp/go-tfe/registry_module.go:417.2,417.16 1 0
github.com/hashicorp/go-tfe/registry_module.go:391.35,393.3 1 0
github.com/hashicorp/go-tfe/registry_module.go:394.40,396.3 1 0
github.com/hashicorp/go-tfe/registry_module.go:398.27,400.3 1 0
github.com/hashicorp/go-tfe/registry_module.go:407.16,409.3 1 0
github.com/hashicorp/go-tfe/registry_module.go:413.16,415.3 1 0
github.com/hashicorp/go-tfe/registry_module.go:420.144,421.41 1 0
github.com/hashicorp/go-tfe/registry_module.go:425.2,425.33 1 0
github.com/hashicorp/go-tfe/registry_module.go:430.2,430.93 1 0
github.com/hashicorp/go-tfe/registry_module.go:435.2,435.27 1 0
github.com/hashicorp/go-tfe/registry_module.go:439.2,439.28 1 0
github.com/hashicorp/go-tfe/registry_module.go:445.2,453.16 8 0
github.com/hashicorp/go-tfe/registry_module.go:457.2,458.40 2 0
github.com/hashicorp/go-tfe/registry_module.go:462.2,462.16 1 0
github.com/hashicorp/go-tfe/registry_module.go:421.41,423.3 1 0
github.com/hashicorp/go-tfe/registry_module.go:425.33,428.3 2 0
github.com/hashicorp/go-tfe/registry_module.go:430.93,433.3 2 0
github.com/hashicorp/go-tfe/registry_module.go:435.27,437.3 1 0
github.com/hashicorp/go-tfe/registry_module.go:439.28,440.98 1 0
github.com/hashicorp/go-tfe/registry_module.go:440.98,442.4 1 0
github.com/hashicorp/go-tfe/registry_module.go:453.16,455.3 1 0
github.com/hashicorp/go-tfe/registry_module.go:458.40,460.3 1 0
github.com/hashicorp/go-tfe/registry_module.go:466.165,467.41 1 0
github.com/hashicorp/go-tfe/registry_module.go:471.2,471.40 1 0
github.com/hashicorp/go-tfe/registry_module.go:475.2,482.16 3 0
github.com/hashicorp/go-tfe/registry_module.go:486.2,488.16 3 0
github.com/hashicorp/go-tfe/registry_module.go:492.2,492.17 1 0
github.com/hashicorp/go-tfe/registry_module.go:467.41,469.3 1 0
github.com/hashicorp/go-tfe/registry_module.go:471.40,473.3 1 0
github.com/hashicorp/go-tfe/registry_module.go:482.16,484.3 1 0
github.com/hashicorp/go-tfe/registry_module.go:488.16,490.3 1 0
github.com/hashicorp/go-tfe/registry_module.go:496.151,497.40 1 0
github.com/hashicorp/go-tfe/registry_module.go:500.2,501.74 2 0
github.com/hashicorp/go-tfe/registry_module.go:509.2,510.16 2 0
github.com/hashicorp/go-tfe/registry_module.go:514.2,516.16 3 0
github.com/hashicorp/go-tfe/registry_module.go:520.2,520.16 1 0
github.com/hashicorp/go-tfe/registry_module.go:497.40,499.3 1 0
github.com/hashicorp/go-tfe/registry_module.go:501.74,503.3 1 0
github.com/hashicorp/go-tfe/registry_module.go:503.8,508.3 1 0
github.com/hashicorp/go-tfe/registry_module.go:510.16,512.3 1 0
github.com/hashicorp/go-tfe/registry_module.go:516.16,518.3 1 0
github.com/hashicorp/go-tfe/registry_module.go:524.105,525.41 1 0
github.com/hashicorp/go-tfe/registry_module.go:529.2,530.23 2 0
github.com/hashicorp/go-tfe/registry_module.go:553.2,554.16 2 0
github.com/hashicorp/go-tfe/registry_module.go:558.2,560.16 3 0
github.com/hashicorp/go-tfe/registry_module.go:564.2,564.16 1 0
github.com/hashicorp/go-tfe/registry_module.go:525.41,527.3 1 0
github.com/hashicorp/go-tfe/registry_module.go:530.23,531.34 1 0
github.com/hashicorp/go-tfe/registry_module.go:536.3,536.94 1 0
github.com/hashicorp/go-tfe/registry_module.go:541.3,548.4 1 0
github.com/hashicorp/go-tfe/registry_module.go:531.34,534.4 2 0
github.com/hashicorp/go-tfe/registry_module.go:536.94,539.4 2 0
github.com/hashicorp/go-tfe/registry_module.go:549.8,551.3 1 0
github.com/hashicorp/go-tfe/registry_module.go:554.16,556.3 1 0
github.com/hashicorp/go-tfe/registry_module.go:560.16,562.3 1 0
github.com/hashicorp/go-tfe/registry_module.go:566.135,567.41 1 0
github.com/hashicorp/go-tfe/registry_module.go:570.2,570.28 1 0
[...]
github.com/hashicorp/go-tfe/policy.go:185.2,185.40 1 0
github.com/hashicorp/go-tfe/policy.go:189.2,191.16 3 0
github.com/hashicorp/go-tfe/policy.go:195.2,197.16 3 0
github.com/hashicorp/go-tfe/policy.go:201.2,201.15 1 0
github.com/hashicorp/go-tfe/policy.go:182.35,184.3 1 0
github.com/hashicorp/go-tfe/policy.go:185.40,187.3 1 0
github.com/hashicorp/go-tfe/policy.go:191.16,193.3 1 0
github.com/hashicorp/go-tfe/policy.go:197.16,199.3 1 0
github.com/hashicorp/go-tfe/policy.go:205.80,206.31 1 0
github.com/hashicorp/go-tfe/policy.go:210.2,212.16 3 0
github.com/hashicorp/go-tfe/policy.go:216.2,218.16 3 0
github.com/hashicorp/go-tfe/policy.go:222.2,222.15 1 0
github.com/hashicorp/go-tfe/policy.go:206.31,208.3 1 0
github.com/hashicorp/go-tfe/policy.go:212.16,214.3 1 0
github.com/hashicorp/go-tfe/policy.go:218.16,220.3 1 0
github.com/hashicorp/go-tfe/policy.go:226.111,227.31 1 0
github.com/hashicorp/go-tfe/policy.go:231.2,233.16 3 0
github.com/hashicorp/go-tfe/policy.go:237.2,239.16 3 0
github.com/hashicorp/go-tfe/policy.go:243.2,243.15 1 0
github.com/hashicorp/go-tfe/policy.go:227.31,229.3 1 0
github.com/hashicorp/go-tfe/policy.go:233.16,235.3 1 0
github.com/hashicorp/go-tfe/policy.go:239.16,241.3 1 0
github.com/hashicorp/go-tfe/policy.go:247.71,248.31 1 0
github.com/hashicorp/go-tfe/policy.go:252.2,254.16 3 0
github.com/hashicorp/go-tfe/policy.go:258.2,258.25 1 0
github.com/hashicorp/go-tfe/policy.go:248.31,250.3 1 0
github.com/hashicorp/go-tfe/policy.go:254.16,256.3 1 0
github.com/hashicorp/go-tfe/policy.go:262.87,263.31 1 0
github.com/hashicorp/go-tfe/policy.go:267.2,269.16 3 0
github.com/hashicorp/go-tfe/policy.go:273.2,273.25 1 0
github.com/hashicorp/go-tfe/policy.go:263.31,265.3 1 0
github.com/hashicorp/go-tfe/policy.go:269.16,271.3 1 0
github.com/hashicorp/go-tfe/policy.go:277.83,278.31 1 0
github.com/hashicorp/go-tfe/policy.go:282.2,284.16 3 0
github.com/hashicorp/go-tfe/policy.go:288.2,290.16 3 0
github.com/hashicorp/go-tfe/policy.go:294.2,294.25 1 0
github.com/hashicorp/go-tfe/policy.go:278.31,280.3 1 0
github.com/hashicorp/go-tfe/policy.go:284.16,286.3 1 0
github.com/hashicorp/go-tfe/policy.go:290.16,292.3 1 0
github.com/hashicorp/go-tfe/policy.go:297.44,298.26 1 0
github.com/hashicorp/go-tfe/policy.go:301.2,301.28 1 0
github.com/hashicorp/go-tfe/policy.go:304.2,304.44 1 0
github.com/hashicorp/go-tfe/policy.go:307.2,307.51 1 0
github.com/hashicorp/go-tfe/policy.go:310.2,310.51 1 0
github.com/hashicorp/go-tfe/policy.go:313.2,313.22 1 0
github.com/hashicorp/go-tfe/policy.go:323.2,323.12 1 0
github.com/hashicorp/go-tfe/policy.go:298.26,300.3 1 0
github.com/hashicorp/go-tfe/policy.go:301.28,303.3 1 0
github.com/hashicorp/go-tfe/policy.go:304.44,306.3 1 0
github.com/hashicorp/go-tfe/policy.go:307.51,309.3 1 0
github.com/hashicorp/go-tfe/policy.go:310.51,312.3 1 0
github.com/hashicorp/go-tfe/policy.go:313.22,314.31 1 0
github.com/hashicorp/go-tfe/policy.go:314.31,315.28 1 0
github.com/hashicorp/go-tfe/policy.go:318.4,318.21 1 0
github.com/hashicorp/go-tfe/policy.go:315.28,317.5 1 0
github.com/hashicorp/go-tfe/policy.go:318.21,320.5 1 0
github.com/hashicorp/go-tfe/run_trigger.go:104.126,105.34 1 0
github.com/hashicorp/go-tfe/run_trigger.go:108.2,108.40 1 0
github.com/hashicorp/go-tfe/run_trigger.go:112.2,114.16 3 0
github.com/hashicorp/go-tfe/run_trigger.go:118.2,120.16 3 0
github.com/hashicorp/go-tfe/run_trigger.go:124.2,124.17 1 0
github.com/hashicorp/go-tfe/run_trigger.go:105.34,107.3 1 0
github.com/hashicorp/go-tfe/run_trigger.go:108.40,110.3 1 0
github.com/hashicorp/go-tfe/run_trigger.go:114.16,116.3 1 0
github.com/hashicorp/go-tfe/run_trigger.go:120.16,122.3 1 0
github.com/hashicorp/go-tfe/run_trigger.go:128.125,129.34 1 0
github.com/hashicorp/go-tfe/run_trigger.go:132.2,132.40 1 0
github.com/hashicorp/go-tfe/run_trigger.go:136.2,138.16 3 0
github.com/hashicorp/go-tfe/run_trigger.go:142.2,144.16 3 0
github.com/hashicorp/go-tfe/run_trigger.go:148.2,148.16 1 0
github.com/hashicorp/go-tfe/run_trigger.go:129.34,131.3 1 0
github.com/hashicorp/go-tfe/run_trigger.go:132.40,134.3 1 0
github.com/hashicorp/go-tfe/run_trigger.go:138.16,140.3 1 0
github.com/hashicorp/go-tfe/run_trigger.go:144.16,146.3 1 0
github.com/hashicorp/go-tfe/run_trigger.go:152.91,153.35 1 0
github.com/hashicorp/go-tfe/run_trigger.go:157.2,159.16 3 0
github.com/hashicorp/go-tfe/run_trigger.go:163.2,165.16 3 0
github.com/hashicorp/go-tfe/run_trigger.go:169.2,169.16 1 0
github.com/hashicorp/go-tfe/run_trigger.go:153.35,155.3 1 0
github.com/hashicorp/go-tfe/run_trigger.go:159.16,161.3 1 0
github.com/hashicorp/go-tfe/run_trigger.go:165.16,167.3 1 0
github.com/hashicorp/go-tfe/run_trigger.go:173.78,174.35 1 0
github.com/hashicorp/go-tfe/run_trigger.go:178.2,180.16 3 0
github.com/hashicorp/go-tfe/run_trigger.go:184.2,184.25 1 0
github.com/hashicorp/go-tfe/run_trigger.go:174.35,176.3 1 0
github.com/hashicorp/go-tfe/run_trigger.go:180.16,182.3 1 0
github.com/hashicorp/go-tfe/run_trigger.go:187.48,188.25 1 0
github.com/hashicorp/go-tfe/run_trigger.go:191.2,191.12 1 0
github.com/hashicorp/go-tfe/run_trigger.go:188.25,190.3 1 0
github.com/hashicorp/go-tfe/run_trigger.go:194.47,195.14 1 0
github.com/hashicorp/go-tfe/run_trigger.go:199.2,199.83 1 0
github.com/hashicorp/go-tfe/run_trigger.go:203.2,203.12 1 0
github.com/hashicorp/go-tfe/run_trigger.go:195.14,197.3 1 0
github.com/hashicorp/go-tfe/run_trigger.go:199.83,201.3 1 0
github.com/hashicorp/go-tfe/run_trigger.go:206.112,207.21 1 0
github.com/hashicorp/go-tfe/run_trigger.go:214.2,214.28 1 0
github.com/hashicorp/go-tfe/run_trigger.go:220.2,220.12 1 0
github.com/hashicorp/go-tfe/run_trigger.go:208.45,208.45 0 0
github.com/hashicorp/go-tfe/run_trigger.go:210.10,211.34 1 0
github.com/hashicorp/go-tfe/run_trigger.go:214.28,215.39 1 0
github.com/hashicorp/go-tfe/run_trigger.go:215.39,217.4 1 0
github.com/hashicorp/go-tfe/admin_organization.go:114.127,115.40 1 0
github.com/hashicorp/go-tfe/admin_organization.go:118.2,120.16 3 0
github.com/hashicorp/go-tfe/admin_organization.go:124.2,126.16 3 0
github.com/hashicorp/go-tfe/admin_organization.go:130.2,130.18 1 0
github.com/hashicorp/go-tfe/admin_organization.go:115.40,117.3 1 0
github.com/hashicorp/go-tfe/admin_organization.go:120.16,122.3 1 0
github.com/hashicorp/go-tfe/admin_organization.go:126.16,128.3 1 0
github.com/hashicorp/go-tfe/admin_organization.go:134.178,135.35 1 0
github.com/hashicorp/go-tfe/admin_organization.go:139.2,142.16 3 0
github.com/hashicorp/go-tfe/admin_organization.go:146.2,148.16 3 0
github.com/hashicorp/go-tfe/admin_organization.go:152.2,152.18 1 0
github.com/hashicorp/go-tfe/admin_organization.go:135.35,137.3 1 0
github.com/hashicorp/go-tfe/admin_organization.go:142.16,144.3 1 0
github.com/hashicorp/go-tfe/admin_organization.go:148.16,150.3 1 0
github.com/hashicorp/go-tfe/admin_organization.go:156.105,157.35 1 0
github.com/hashicorp/go-tfe/admin_organization.go:161.2,163.16 3 0
github.com/hashicorp/go-tfe/admin_organization.go:167.2,169.16 3 0
github.com/hashicorp/go-tfe/admin_organization.go:173.2,173.17 1 0
github.com/hashicorp/go-tfe/admin_organization.go:157.35,159.3 1 0
github.com/hashicorp/go-tfe/admin_organization.go:163.16,165.3 1 0
github.com/hashicorp/go-tfe/admin_organization.go:169.16,171.3 1 0
github.com/hashicorp/go-tfe/admin_organization.go:177.147,178.35 1 0
github.com/hashicorp/go-tfe/admin_organization.go:182.2,184.16 3 0
github.com/hashicorp/go-tfe/admin_organization.go:188.2,190.16 3 0
github.com/hashicorp/go-tfe/admin_organization.go:194.2,194.17 1 0
github.com/hashicorp/go-tfe/admin_organization.go:178.35,180.3 1 0
github.com/hashicorp/go-tfe/admin_organization.go:184.16,186.3 1 0
github.com/hashicorp/go-tfe/admin_organization.go:190.16,192.3 1 0
github.com/hashicorp/go-tfe/admin_organization.go:198.134,199.35 1 0
github.com/hashicorp/go-tfe/admin_organization.go:203.2,206.45 3 0
github.com/hashicorp/go-tfe/admin_organization.go:213.2,214.16 2 0
github.com/hashicorp/go-tfe/admin_organization.go:218.2,219.16 2 0
github.com/hashicorp/go-tfe/admin_organization.go:223.2,223.12 1 0
github.com/hashicorp/go-tfe/admin_organization.go:199.35,201.3 1 0
github.com/hashicorp/go-tfe/admin_organization.go:206.45,207.26 1 0
github.com/hashicorp/go-tfe/admin_organization.go:210.3,210.70 1 0
github.com/hashicorp/go-tfe/admin_organization.go:207.26,209.4 1 0
github.com/hashicorp/go-tfe/admin_organization.go:214.16,216.3 1 0
github.com/hashicorp/go-tfe/admin_organization.go:219.16,221.3 1 0
github.com/hashicorp/go-tfe/admin_organization.go:227.85,228.35 1 0
github.com/hashicorp/go-tfe/admin_organization.go:232.2,234.16 3 0
github.com/hashicorp/go-tfe/admin_organization.go:238.2,238.25 1 0
github.com/hashicorp/go-tfe/admin_organization.go:228.35,230.3 1 0
github.com/hashicorp/go-tfe/admin_organization.go:234.16,236.3 1 0
github.com/hashicorp/go-tfe/admin_organization.go:241.54,243.2 1 0
github.com/hashicorp/go-tfe/variable_set.go:213.130,214.35 1 0
github.com/hashicorp/go-tfe/variable_set.go:217.2,217.20 1 0
github.com/hashicorp/go-tfe/variable_set.go:223.2,225.16 3 0
github.com/hashicorp/go-tfe/variable_set.go:229.2,231.16 3 0
github.com/hashicorp/go-tfe/variable_set.go:235.2,235.16 1 0
github.com/hashicorp/go-tfe/variable_set.go:214.35,216.3 1 0
github.com/hashicorp/go-tfe/variable_set.go:217.20,218.41 1 0
github.com/hashicorp/go-tfe/variable_set.go:218.41,220.4 1 0
github.com/hashicorp/go-tfe/variable_set.go:225.16,227.3 1 0
github.com/hashicorp/go-tfe/variable_set.go:231.16,233.3 1 0
github.com/hashicorp/go-tfe/variable_set.go:239.141,240.34 1 0
github.com/hashicorp/go-tfe/variable_set.go:243.2,243.20 1 0
github.com/hashicorp/go-tfe/variable_set.go:249.2,251.16 3 0
github.com/hashicorp/go-tfe/variable_set.go:255.2,257.16 3 0
github.com/hashicorp/go-tfe/variable_set.go:261.2,261.16 1 0
github.com/hashicorp/go-tfe/variable_set.go:240.34,242.3 1 0
github.com/hashicorp/go-tfe/variable_set.go:243.20,244.41 1 0
github.com/hashicorp/go-tfe/variable_set.go:244.41,246.4 1 0
github.com/hashicorp/go-tfe/variable_set.go:251.16,253.3 1 0
github.com/hashicorp/go-tfe/variable_set.go:257.16,259.3 1 0
github.com/hashicorp/go-tfe/variable_set.go:265.137,266.32 1 0
github.com/hashicorp/go-tfe/variable_set.go:269.2,269.20 1 0
github.com/hashicorp/go-tfe/variable_set.go:275.2,277.16 3 0
github.com/hashicorp/go-tfe/variable_set.go:281.2,283.16 3 0
github.com/hashicorp/go-tfe/variable_set.go:287.2,287.16 1 0
github.com/hashicorp/go-tfe/variable_set.go:266.32,268.3 1 0
github.com/hashicorp/go-tfe/variable_set.go:269.20,270.41 1 0
github.com/hashicorp/go-tfe/variable_set.go:270.41,272.4 1 0
github.com/hashicorp/go-tfe/variable_set.go:277.16,279.3 1 0
github.com/hashicorp/go-tfe/variable_set.go:283.16,285.3 1 0
github.com/hashicorp/go-tfe/variable_set.go:291.130,292.35 1 0
github.com/hashicorp/go-tfe/variable_set.go:295.2,295.40 1 0
github.com/hashicorp/go-tfe/variable_set.go:299.2,301.16 3 0
github.com/hashicorp/go-tfe/variable_set.go:305.2,307.16 3 0
github.com/hashicorp/go-tfe/variable_set.go:311.2,311.16 1 0
github.com/hashicorp/go-tfe/variable_set.go:292.35,294.3 1 0
github.com/hashicorp/go-tfe/variable_set.go:295.40,297.3 1 0
github.com/hashicorp/go-tfe/variable_set.go:301.16,303.3 1 0
github.com/hashicorp/go-tfe/variable_set.go:307.16,309.3 1 0
github.com/hashicorp/go-tfe/variable_set.go:315.127,316.36 1 0
github.com/hashicorp/go-tfe/variable_set.go:320.2,322.16 3 0
github.com/hashicorp/go-tfe/variable_set.go:326.2,328.16 3 0
github.com/hashicorp/go-tfe/variable_set.go:332.2,332.16 1 0
github.com/hashicorp/go-tfe/variable_set.go:316.36,318.3 1 0
github.com/hashicorp/go-tfe/variable_set.go:322.16,324.3 1 0
github.com/hashicorp/go-tfe/variable_set.go:328.16,330.3 1 0
github.com/hashicorp/go-tfe/variable_set.go:336.131,337.36 1 0
github.com/hashicorp/go-tfe/variable_set.go:341.2,343.16 3 0
github.com/hashicorp/go-tfe/variable_set.go:347.2,349.16 3 0
github.com/hashicorp/go-tfe/variable_set.go:353.2,353.15 1 0
github.com/hashicorp/go-tfe/variable_set.go:337.36,339.3 1 0
github.com/hashicorp/go-tfe/variable_set.go:343.16,345.3 1 0
github.com/hashicorp/go-tfe/variable_set.go:349.16,351.3 1 0
github.com/hashicorp/go-tfe/variable_set.go:357.80,358.36 1 0
github.com/hashicorp/go-tfe/variable_set.go:362.2,364.16 3 0
github.com/hashicorp/go-tfe/variable_set.go:368.2,368.25 1 0
github.com/hashicorp/go-tfe/variable_set.go:358.36,360.3 1 0
github.com/hashicorp/go-tfe/variable_set.go:364.16,366.3 1 0
github.com/hashicorp/go-tfe/variable_set.go:373.137,374.36 1 0
github.com/hashicorp/go-tfe/variable_set.go:377.2,377.40 1 0
github.com/hashicorp/go-tfe/variable_set.go:381.2,383.16 3 0
github.com/hashicorp/go-tfe/variable_set.go:387.2,387.25 1 0
github.com/hashicorp/go-tfe/variable_set.go:374.36,376.3 1 0
github.com/hashicorp/go-tfe/variable_set.go:377.40,379.3 1 0
github.com/hashicorp/go-tfe/variable_set.go:383.16,385.3 1 0
github.com/hashicorp/go-tfe/variable_set.go:392.143,393.36 1 0
github.com/hashicorp/go-tfe/variable_set.go:396.2,396.40 1 0
github.com/hashicorp/go-tfe/variable_set.go:400.2,402.16 3 0
github.com/hashicorp/go-tfe/variable_set.go:406.2,406.25 1 0
github.com/hashicorp/go-tfe/variable_set.go:393.36,395.3 1 0
github.com/hashicorp/go-tfe/variable_set.go:396.40,398.3 1 0
github.com/hashicorp/go-tfe/variable_set.go:402.16,404.3 1 0
github.com/hashicorp/go-tfe/variable_set.go:411.131,412.36 1 0
github.com/hashicorp/go-tfe/variable_set.go:415.2,415.40 1 0
github.com/hashicorp/go-tfe/variable_set.go:419.2,421.16 3 0
github.com/hashicorp/go-tfe/variable_set.go:425.2,425.25 1 0
github.com/hashicorp/go-tfe/variable_set.go:412.36,414.3 1 0
github.com/hashicorp/go-tfe/variable_set.go:415.40,417.3 1 0
github.com/hashicorp/go-tfe/variable_set.go:421.16,423.3 1 0
github.com/hashicorp/go-tfe/variable_set.go:430.137,431.36 1 0
github.com/hashicorp/go-tfe/variable_set.go:434.2,434.40 1 0
github.com/hashicorp/go-tfe/variable_set.go:438.2,440.16 3 0
github.com/hashicorp/go-tfe/variable_set.go:444.2,444.25 1 0
github.com/hashicorp/go-tfe/variable_set.go:431.36,433.3 1 0
github.com/hashicorp/go-tfe/variable_set.go:434.40,436.3 1 0
github.com/hashicorp/go-tfe/variable_set.go:440.16,442.3 1 0
github.com/hashicorp/go-tfe/variable_set.go:448.151,449.40 1 0
github.com/hashicorp/go-tfe/variable_set.go:454.2,462.16 4 0
github.com/hashicorp/go-tfe/variable_set.go:466.2,468.16 3 0
github.com/hashicorp/go-tfe/variable_set.go:472.2,472.15 1 0
github.com/hashicorp/go-tfe/variable_set.go:449.40,451.3 1 0
github.com/hashicorp/go-tfe/variable_set.go:462.16,464.3 1 0
github.com/hashicorp/go-tfe/variable_set.go:468.16,470.3 1 0
github.com/hashicorp/go-tfe/variable_set.go:475.48,477.2 1 0
github.com/hashicorp/go-tfe/variable_set.go:479.50,480.14 1 0
github.com/hashicorp/go-tfe/variable_set.go:483.2,483.26 1 0
github.com/hashicorp/go-tfe/variable_set.go:486.2,486.21 1 0
github.com/hashicorp/go-tfe/variable_set.go:489.2,489.12 1 0
github.com/hashicorp/go-tfe/variable_set.go:480.14,482.3 1 0
github.com/hashicorp/go-tfe/variable_set.go:483.26,485.3 1 0
github.com/hashicorp/go-tfe/variable_set.go:486.21,488.3 1 0
github.com/hashicorp/go-tfe/variable_set.go:492.61,493.33 1 0
github.com/hashicorp/go-tfe/variable_set.go:498.2,498.12 1 0
github.com/hashicorp/go-tfe/variable_set.go:493.33,494.28 1 0
github.com/hashicorp/go-tfe/variable_set.go:494.28,496.4 1 0
github.com/hashicorp/go-tfe/variable_set.go:501.64,502.33 1 0
github.com/hashicorp/go-tfe/variable_set.go:507.2,507.12 1 0
github.com/hashicorp/go-tfe/variable_set.go:502.33,503.28 1 0
github.com/hashicorp/go-tfe/variable_set.go:503.28,505.4 1 0
github.com/hashicorp/go-tfe/variable_set.go:510.59,511.31 1 0
github.com/hashicorp/go-tfe/variable_set.go:516.2,516.12 1 0
github.com/hashicorp/go-tfe/variable_set.go:511.31,512.28 1 0
github.com/hashicorp/go-tfe/variable_set.go:512.28,514.4 1 0
github.com/hashicorp/go-tfe/variable_set.go:519.61,520.31 1 0
github.com/hashicorp/go-tfe/variable_set.go:525.2,525.12 1 0
github.com/hashicorp/go-tfe/variable_set.go:520.31,521.28 1 0
github.com/hashicorp/go-tfe/variable_set.go:521.28,523.4 1 0
github.com/hashicorp/go-tfe/variable_set.go:528.60,529.37 1 0
github.com/hashicorp/go-tfe/variable_set.go:532.2,532.12 1 0
github.com/hashicorp/go-tfe/variable_set.go:529.37,531.3 1 0
github.com/hashicorp/go-tfe/workspace_resources.go:55.148,56.34 1 0
github.com/hashicorp/go-tfe/workspace_resources.go:59.2,59.40 1 0
github.com/hashicorp/go-tfe/workspace_resources.go:63.2,65.16 3 0
github.com/hashicorp/go-tfe/workspace_resources.go:69.2,71.16 3 0
github.com/hashicorp/go-tfe/workspace_resources.go:74.2,74.16 1 0
github.com/hashicorp/go-tfe/workspace_resources.go:56.34,58.3 1 0
github.com/hashicorp/go-tfe/workspace_resources.go:59.40,61.3 1 0
github.com/hashicorp/go-tfe/workspace_resources.go:65.16,67.3 1 0
github.com/hashicorp/go-tfe/workspace_resources.go:71.16,73.3 1 0
github.com/hashicorp/go-tfe/workspace_resources.go:77.54,79.2 1 0
github.com/hashicorp/go-tfe/stack.go:206.91,208.16 2 0
github.com/hashicorp/go-tfe/stack.go:212.2,214.16 3 0
github.com/hashicorp/go-tfe/stack.go:218.2,218.19 1 0
github.com/hashicorp/go-tfe/stack.go:208.16,210.3 1 0
github.com/hashicorp/go-tfe/stack.go:214.16,216.3 1 0
github.com/hashicorp/go-tfe/stack.go:222.111,223.40 1 0
github.com/hashicorp/go-tfe/stack.go:227.2,228.16 2 0
github.com/hashicorp/go-tfe/stack.go:232.2,234.16 3 0
github.com/hashicorp/go-tfe/stack.go:238.2,238.16 1 0
github.com/hashicorp/go-tfe/stack.go:223.40,225.3 1 0
github.com/hashicorp/go-tfe/stack.go:228.16,230.3 1 0
github.com/hashicorp/go-tfe/stack.go:234.16,236.3 1 0
github.com/hashicorp/go-tfe/stack.go:242.102,244.16 2 0
github.com/hashicorp/go-tfe/stack.go:248.2,250.16 3 0
github.com/hashicorp/go-tfe/stack.go:254.2,254.19 1 0
github.com/hashicorp/go-tfe/stack.go:244.16,246.3 1 0
github.com/hashicorp/go-tfe/stack.go:250.16,252.3 1 0
github.com/hashicorp/go-tfe/stack.go:258.89,259.40 1 0
github.com/hashicorp/go-tfe/stack.go:263.2,264.16 2 0
github.com/hashicorp/go-tfe/stack.go:268.2,270.16 3 0
github.com/hashicorp/go-tfe/stack.go:274.2,274.19 1 0
github.com/hashicorp/go-tfe/stack.go:259.40,261.3 1 0
github.com/hashicorp/go-tfe/stack.go:264.16,266.3 1 0
github.com/hashicorp/go-tfe/stack.go:270.16,272.3 1 0
github.com/hashicorp/go-tfe/stack.go:278.105,280.16 2 0
github.com/hashicorp/go-tfe/stack.go:284.2,286.16 3 0
github.com/hashicorp/go-tfe/stack.go:290.2,290.19 1 0
github.com/hashicorp/go-tfe/stack.go:280.16,282.3 1 0
github.com/hashicorp/go-tfe/stack.go:286.16,288.3 1 0
github.com/hashicorp/go-tfe/stack.go:294.67,296.16 2 0
github.com/hashicorp/go-tfe/stack.go:300.2,300.25 1 0
github.com/hashicorp/go-tfe/stack.go:296.16,298.3 1 0
github.com/hashicorp/go-tfe/stack.go:304.72,306.16 2 0
github.com/hashicorp/go-tfe/stack.go:310.2,310.25 1 0
github.com/hashicorp/go-tfe/stack.go:306.16,308.3 1 0
github.com/hashicorp/go-tfe/stack.go:313.42,315.2 1 0
github.com/hashicorp/go-tfe/stack.go:317.43,318.18 1 0
github.com/hashicorp/go-tfe/stack.go:322.2,322.24 1 0
github.com/hashicorp/go-tfe/stack.go:326.2,326.26 1 0
github.com/hashicorp/go-tfe/stack.go:318.18,320.3 1 0
github.com/hashicorp/go-tfe/stack.go:322.24,324.3 1 0
github.com/hashicorp/go-tfe/stack.go:329.37,330.24 1 0
github.com/hashicorp/go-tfe/stack.go:334.2,334.12 1 0
github.com/hashicorp/go-tfe/stack.go:330.24,332.3 1 0
github.com/hashicorp/go-tfe/stack.go:342.146,346.36 3 0
github.com/hashicorp/go-tfe/stack.go:350.2,350.12 1 0
github.com/hashicorp/go-tfe/stack.go:389.2,389.17 1 0
github.com/hashicorp/go-tfe/stack.go:346.36,348.3 1 0
github.com/hashicorp/go-tfe/stack.go:350.12,355.7 4 0
github.com/hashicorp/go-tfe/stack.go:355.7,356.11 1 0
github.com/hashicorp/go-tfe/stack.go:357.22,359.11 2 0
github.com/hashicorp/go-tfe/stack.go:360.90,362.19 2 0
github.com/hashicorp/go-tfe/stack.go:367.5,369.29 2 0
github.com/hashicorp/go-tfe/stack.go:378.5,380.17 2 0
github.com/hashicorp/go-tfe/stack.go:384.5,384.15 1 0
github.com/hashicorp/go-tfe/stack.go:362.19,365.6 2 0
github.com/hashicorp/go-tfe/stack.go:369.29,376.6 1 0
github.com/hashicorp/go-tfe/stack.go:380.17,382.6 1 0
